#
# A fatal error has been detected by the Java Runtime Environment:
#
#  EXCEPTION_ACCESS_VIOLATION (0xc0000005) at pc=0x00007ffe6734b51e, pid=14300, tid=460
#
# JRE version: Java(TM) SE Runtime Environment (21.0.2+13) (build 21.0.2+13-LTS-58)
# Java VM: Java HotSpot(TM) 64-Bit Server VM (21.0.2+13-LTS-58, mixed mode, emulated-client, sharing, tiered, compressed oops, compressed class ptrs, g1 gc, windows-amd64)
# Problematic frame:
# V  [jvm.dll+0x31b51e]
#
# No core dump will be written. Minidumps are not enabled by default on client versions of Windows
#
# If you would like to submit a bug report, please visit:
#   https://bugreport.java.com/bugreport/crash.jsp
#

---------------  S U M M A R Y ------------

Command Line: -XX:+ShowCodeDetailsInExceptionMessages -agentlib:jdwp=transport=dt_socket,suspend=y,address=localhost:58720 -Dcom.sun.management.jmxremote -Dcom.sun.management.jmxremote.port=58718 -Dcom.sun.management.jmxremote.authenticate=false -Dcom.sun.management.jmxremote.ssl=false -Djava.rmi.server.hostname=localhost -Dspring.jmx.enabled=true -Dmanagement.endpoints.jmx.exposure.include=* -Dspring.application.admin.enabled=true -XX:TieredStopAtLevel=1 -Dspring.boot.project.name=spring-boot-jpa-hibernate-thymeleaf -javaagent:D:\Java Job\software\eclipse-jee-2023-12-R-win32-x86_64\eclipse\configuration\org.eclipse.osgi\434\0\.cp\lib\javaagent-shaded.jar -Dfile.encoding=UTF-8 -Dstdout.encoding=UTF-8 -Dstderr.encoding=UTF-8 com.springboot.jpa.hibernate.SpringBootJpaHibernateThymeleafApplication --spring.output.ansi.enabled=always

Host: Intel(R) Core(TM) i5-3230M CPU @ 2.60GHz, 4 cores, 3G,  Windows 10 , 64 bit Build 19041 (10.0.19041.4597)
Time: Thu Jul 11 17:02:55 2024 Myanmar Standard Time elapsed time: 3543.231928 seconds (0d 0h 59m 3s)

---------------  T H R E A D  ---------------

Current thread (0x000001d4bd1305f0):  WorkerThread "GC Thread#0"    [id=460, stack(0x000000895cf00000,0x000000895d000000) (1024K)]

Stack: [0x000000895cf00000,0x000000895d000000],  sp=0x000000895cffe130,  free space=1016k
Native frames: (J=compiled Java code, j=interpreted, Vv=VM code, C=native code)
V  [jvm.dll+0x31b51e]
V  [jvm.dll+0x3419f9]
V  [jvm.dll+0x341962]
V  [jvm.dll+0x315ead]
V  [jvm.dll+0x3158ed]
V  [jvm.dll+0x3ee1d5]
V  [jvm.dll+0x7ff8d6]
V  [jvm.dll+0x809331]
V  [jvm.dll+0x366d6a]
V  [jvm.dll+0x366e24]
V  [jvm.dll+0x3463d3]
V  [jvm.dll+0x883eb7]
V  [jvm.dll+0x7ff568]
V  [jvm.dll+0x6c953d]
C  [ucrtbase.dll+0x21bb2]
C  [KERNEL32.DLL+0x17374]
C  [ntdll.dll+0x4cc91]

JavaThread 0x000001d5135bdd30 (nid = 236) was being processed
Java frames: (J=compiled Java code, j=interpreted, Vv=VM code)
j  java.lang.invoke.LambdaForm$DMH+0x000001d4cd1d1c00.invokeVirtual(Ljava/lang/Object;Ljava/lang/Object;Ljava/lang/Object;)Ljava/lang/Object;+11 java.base@21.0.2
j  java.lang.invoke.LambdaForm$MH+0x000001d4cd521800.invoke(Ljava/lang/Object;Ljava/lang/Object;Ljava/lang/Object;)Ljava/lang/Object;+52 java.base@21.0.2
J 4290 c1 jdk.internal.reflect.DirectMethodHandleAccessor.invoke(Ljava/lang/Object;[Ljava/lang/Object;)Ljava/lang/Object; java.base@21.0.2 (92 bytes) @ 0x000001d4c5eb179c [0x000001d4c5eb1440+0x000000000000035c]
J 4434 c1 java.lang.reflect.Method.invoke(Ljava/lang/Object;[Ljava/lang/Object;)Ljava/lang/Object; java.base@21.0.2 (108 bytes) @ 0x000001d4c5ef0d74 [0x000001d4c5ef0b80+0x00000000000001f4]
j  org.springframework.web.method.support.InvocableHandlerMethod.doInvoke([Ljava/lang/Object;)Ljava/lang/Object;+55
j  org.springframework.web.method.support.InvocableHandlerMethod.invokeForRequest(Lorg/springframework/web/context/request/NativeWebRequest;Lorg/springframework/web/method/support/ModelAndViewContainer;[Ljava/lang/Object;)Ljava/lang/Object;+82
j  org.springframework.web.servlet.mvc.method.annotation.ServletInvocableHandlerMethod.invokeAndHandle(Lorg/springframework/web/context/request/ServletWebRequest;Lorg/springframework/web/method/support/ModelAndViewContainer;[Ljava/lang/Object;)V+4
j  org.springframework.web.servlet.mvc.method.annotation.RequestMappingHandlerAdapter.invokeHandlerMethod(Ljakarta/servlet/http/HttpServletRequest;Ljakarta/servlet/http/HttpServletResponse;Lorg/springframework/web/method/HandlerMethod;)Lorg/springframework/web/servlet/ModelAndView;+309
j  org.springframework.web.servlet.mvc.method.annotation.RequestMappingHandlerAdapter.handleInternal(Ljakarta/servlet/http/HttpServletRequest;Ljakarta/servlet/http/HttpServletResponse;Lorg/springframework/web/method/HandlerMethod;)Lorg/springframework/web/servlet/ModelAndView;+81
j  org.springframework.web.servlet.mvc.method.AbstractHandlerMethodAdapter.handle(Ljakarta/servlet/http/HttpServletRequest;Ljakarta/servlet/http/HttpServletResponse;Ljava/lang/Object;)Lorg/springframework/web/servlet/ModelAndView;+7
j  org.springframework.web.servlet.DispatcherServlet.doDispatch(Ljakarta/servlet/http/HttpServletRequest;Ljakarta/servlet/http/HttpServletResponse;)V+259
j  org.springframework.web.servlet.DispatcherServlet.doService(Ljakarta/servlet/http/HttpServletRequest;Ljakarta/servlet/http/HttpServletResponse;)V+242
j  org.springframework.web.servlet.FrameworkServlet.processRequest(Ljakarta/servlet/http/HttpServletRequest;Ljakarta/servlet/http/HttpServletResponse;)V+70
j  org.springframework.web.servlet.FrameworkServlet.doGet(Ljakarta/servlet/http/HttpServletRequest;Ljakarta/servlet/http/HttpServletResponse;)V+3
j  jakarta.servlet.http.HttpServlet.service(Ljakarta/servlet/http/HttpServletRequest;Ljakarta/servlet/http/HttpServletResponse;)V+35
j  org.springframework.web.servlet.FrameworkServlet.service(Ljakarta/servlet/http/HttpServletRequest;Ljakarta/servlet/http/HttpServletResponse;)V+20
j  jakarta.servlet.http.HttpServlet.service(Ljakarta/servlet/ServletRequest;Ljakarta/servlet/ServletResponse;)V+37
J 15371 c1 org.apache.catalina.core.ApplicationFilterChain.internalDoFilter(Ljakarta/servlet/ServletRequest;Ljakarta/servlet/ServletResponse;)V (386 bytes) @ 0x000001d4c68274f4 [0x000001d4c6827040+0x00000000000004b4]
J 15370 c1 org.apache.catalina.core.ApplicationFilterChain.doFilter(Ljakarta/servlet/ServletRequest;Ljakarta/servlet/ServletResponse;)V (103 bytes) @ 0x000001d4c68299a4 [0x000001d4c6829940+0x0000000000000064]
j  org.apache.tomcat.websocket.server.WsFilter.doFilter(Ljakarta/servlet/ServletRequest;Ljakarta/servlet/ServletResponse;Ljakarta/servlet/FilterChain;)V+21
J 15371 c1 org.apache.catalina.core.ApplicationFilterChain.internalDoFilter(Ljakarta/servlet/ServletRequest;Ljakarta/servlet/ServletResponse;)V (386 bytes) @ 0x000001d4c68279ac [0x000001d4c6827040+0x000000000000096c]
J 15370 c1 org.apache.catalina.core.ApplicationFilterChain.doFilter(Ljakarta/servlet/ServletRequest;Ljakarta/servlet/ServletResponse;)V (103 bytes) @ 0x000001d4c68299a4 [0x000001d4c6829940+0x0000000000000064]
j  org.springframework.web.filter.CompositeFilter$VirtualFilterChain.doFilter(Ljakarta/servlet/ServletRequest;Ljakarta/servlet/ServletResponse;)V+22
j  org.springframework.security.web.FilterChainProxy.lambda$doFilterInternal$3(Lorg/springframework/security/web/firewall/FirewalledRequest;Ljakarta/servlet/FilterChain;Ljakarta/servlet/ServletRequest;Ljakarta/servlet/ServletResponse;)V+35
j  org.springframework.security.web.FilterChainProxy$$Lambda+0x000001d4cd3c84a0.doFilter(Ljakarta/servlet/ServletRequest;Ljakarta/servlet/ServletResponse;)V+10
J 15237 c1 org.springframework.security.web.FilterChainProxy$VirtualFilterChain.doFilter(Ljakarta/servlet/ServletRequest;Ljakarta/servlet/ServletResponse;)V (111 bytes) @ 0x000001d4c68a413c [0x000001d4c68a3d40+0x00000000000003fc]
j  org.springframework.security.web.access.intercept.AuthorizationFilter.doFilter(Ljakarta/servlet/ServletRequest;Ljakarta/servlet/ServletResponse;Ljakarta/servlet/FilterChain;)V+143
J 15237 c1 org.springframework.security.web.FilterChainProxy$VirtualFilterChain.doFilter(Ljakarta/servlet/ServletRequest;Ljakarta/servlet/ServletResponse;)V (111 bytes) @ 0x000001d4c68a40fc [0x000001d4c68a3d40+0x00000000000003bc]
j  org.springframework.security.web.access.ExceptionTranslationFilter.doFilter(Ljakarta/servlet/http/HttpServletRequest;Ljakarta/servlet/http/HttpServletResponse;Ljakarta/servlet/FilterChain;)V+3
j  org.springframework.security.web.access.ExceptionTranslationFilter.doFilter(Ljakarta/servlet/ServletRequest;Ljakarta/servlet/ServletResponse;Ljakarta/servlet/FilterChain;)V+10
J 15237 c1 org.springframework.security.web.FilterChainProxy$VirtualFilterChain.doFilter(Ljakarta/servlet/ServletRequest;Ljakarta/servlet/ServletResponse;)V (111 bytes) @ 0x000001d4c68a40fc [0x000001d4c68a3d40+0x00000000000003bc]
j  org.springframework.security.web.authentication.AnonymousAuthenticationFilter.doFilter(Ljakarta/servlet/ServletRequest;Ljakarta/servlet/ServletResponse;Ljakarta/servlet/FilterChain;)V+33
J 15237 c1 org.springframework.security.web.FilterChainProxy$VirtualFilterChain.doFilter(Ljakarta/servlet/ServletRequest;Ljakarta/servlet/ServletResponse;)V (111 bytes) @ 0x000001d4c68a40fc [0x000001d4c68a3d40+0x00000000000003bc]
j  org.springframework.security.web.servletapi.SecurityContextHolderAwareRequestFilter.doFilter(Ljakarta/servlet/ServletRequest;Ljakarta/servlet/ServletResponse;Ljakarta/servlet/FilterChain;)V+19
J 15237 c1 org.springframework.security.web.FilterChainProxy$VirtualFilterChain.doFilter(Ljakarta/servlet/ServletRequest;Ljakarta/servlet/ServletResponse;)V (111 bytes) @ 0x000001d4c68a40fc [0x000001d4c68a3d40+0x00000000000003bc]
j  org.springframework.security.web.savedrequest.RequestCacheAwareFilter.doFilter(Ljakarta/servlet/ServletRequest;Ljakarta/servlet/ServletResponse;Ljakarta/servlet/FilterChain;)V+32
J 15237 c1 org.springframework.security.web.FilterChainProxy$VirtualFilterChain.doFilter(Ljakarta/servlet/ServletRequest;Ljakarta/servlet/ServletResponse;)V (111 bytes) @ 0x000001d4c68a40fc [0x000001d4c68a3d40+0x00000000000003bc]
j  org.springframework.security.web.authentication.AbstractAuthenticationProcessingFilter.doFilter(Ljakarta/servlet/http/HttpServletRequest;Ljakarta/servlet/http/HttpServletResponse;Ljakarta/servlet/FilterChain;)V+12
j  org.springframework.security.web.authentication.AbstractAuthenticationProcessingFilter.doFilter(Ljakarta/servlet/ServletRequest;Ljakarta/servlet/ServletResponse;Ljakarta/servlet/FilterChain;)V+10
J 15237 c1 org.springframework.security.web.FilterChainProxy$VirtualFilterChain.doFilter(Ljakarta/servlet/ServletRequest;Ljakarta/servlet/ServletResponse;)V (111 bytes) @ 0x000001d4c68a40fc [0x000001d4c68a3d40+0x00000000000003bc]
j  org.springframework.security.web.authentication.logout.LogoutFilter.doFilter(Ljakarta/servlet/http/HttpServletRequest;Ljakarta/servlet/http/HttpServletResponse;Ljakarta/servlet/FilterChain;)V+83
j  org.springframework.security.web.authentication.logout.LogoutFilter.doFilter(Ljakarta/servlet/ServletRequest;Ljakarta/servlet/ServletResponse;Ljakarta/servlet/FilterChain;)V+10
J 15237 c1 org.springframework.security.web.FilterChainProxy$VirtualFilterChain.doFilter(Ljakarta/servlet/ServletRequest;Ljakarta/servlet/ServletResponse;)V (111 bytes) @ 0x000001d4c68a40fc [0x000001d4c68a3d40+0x00000000000003bc]
j  org.springframework.security.web.csrf.CsrfFilter.doFilterInternal(Ljakarta/servlet/http/HttpServletRequest;Ljakarta/servlet/http/HttpServletResponse;Ljakarta/servlet/FilterChain;)V+95
J 15417 c1 org.springframework.web.filter.OncePerRequestFilter.doFilter(Ljakarta/servlet/ServletRequest;Ljakarta/servlet/ServletResponse;Ljakarta/servlet/FilterChain;)V (178 bytes) @ 0x000001d4c6816734 [0x000001d4c6816000+0x0000000000000734]
J 15237 c1 org.springframework.security.web.FilterChainProxy$VirtualFilterChain.doFilter(Ljakarta/servlet/ServletRequest;Ljakarta/servlet/ServletResponse;)V (111 bytes) @ 0x000001d4c68a40fc [0x000001d4c68a3d40+0x00000000000003bc]
j  org.springframework.web.filter.CorsFilter.doFilterInternal(Ljakarta/servlet/http/HttpServletRequest;Ljakarta/servlet/http/HttpServletResponse;Ljakarta/servlet/FilterChain;)V+43
J 15417 c1 org.springframework.web.filter.OncePerRequestFilter.doFilter(Ljakarta/servlet/ServletRequest;Ljakarta/servlet/ServletResponse;Ljakarta/servlet/FilterChain;)V (178 bytes) @ 0x000001d4c6816734 [0x000001d4c6816000+0x0000000000000734]
J 15237 c1 org.springframework.security.web.FilterChainProxy$VirtualFilterChain.doFilter(Ljakarta/servlet/ServletRequest;Ljakarta/servlet/ServletResponse;)V (111 bytes) @ 0x000001d4c68a40fc [0x000001d4c68a3d40+0x00000000000003bc]
j  org.springframework.security.web.header.HeaderWriterFilter.doHeadersAfter(Ljakarta/servlet/http/HttpServletRequest;Ljakarta/servlet/http/HttpServletResponse;Ljakarta/servlet/FilterChain;)V+29
j  org.springframework.security.web.header.HeaderWriterFilter.doFilterInternal(Ljakarta/servlet/http/HttpServletRequest;Ljakarta/servlet/http/HttpServletResponse;Ljakarta/servlet/FilterChain;)V+21
J 15417 c1 org.springframework.web.filter.OncePerRequestFilter.doFilter(Ljakarta/servlet/ServletRequest;Ljakarta/servlet/ServletResponse;Ljakarta/servlet/FilterChain;)V (178 bytes) @ 0x000001d4c6816734 [0x000001d4c6816000+0x0000000000000734]
J 15237 c1 org.springframework.security.web.FilterChainProxy$VirtualFilterChain.doFilter(Ljakarta/servlet/ServletRequest;Ljakarta/servlet/ServletResponse;)V (111 bytes) @ 0x000001d4c68a40fc [0x000001d4c68a3d40+0x00000000000003bc]
j  org.springframework.security.web.context.SecurityContextHolderFilter.doFilter(Ljakarta/servlet/http/HttpServletRequest;Ljakarta/servlet/http/HttpServletResponse;Ljakarta/servlet/FilterChain;)V+59
j  org.springframework.security.web.context.SecurityContextHolderFilter.doFilter(Ljakarta/servlet/ServletRequest;Ljakarta/servlet/ServletResponse;Ljakarta/servlet/FilterChain;)V+10
J 15237 c1 org.springframework.security.web.FilterChainProxy$VirtualFilterChain.doFilter(Ljakarta/servlet/ServletRequest;Ljakarta/servlet/ServletResponse;)V (111 bytes) @ 0x000001d4c68a40fc [0x000001d4c68a3d40+0x00000000000003bc]
j  org.springframework.security.web.context.request.async.WebAsyncManagerIntegrationFilter.doFilterInternal(Ljakarta/servlet/http/HttpServletRequest;Ljakarta/servlet/http/HttpServletResponse;Ljakarta/servlet/FilterChain;)V+55
J 15417 c1 org.springframework.web.filter.OncePerRequestFilter.doFilter(Ljakarta/servlet/ServletRequest;Ljakarta/servlet/ServletResponse;Ljakarta/servlet/FilterChain;)V (178 bytes) @ 0x000001d4c6816734 [0x000001d4c6816000+0x0000000000000734]
J 15237 c1 org.springframework.security.web.FilterChainProxy$VirtualFilterChain.doFilter(Ljakarta/servlet/ServletRequest;Ljakarta/servlet/ServletResponse;)V (111 bytes) @ 0x000001d4c68a40fc [0x000001d4c68a3d40+0x00000000000003bc]
j  org.springframework.security.web.session.DisableEncodeUrlFilter.doFilterInternal(Ljakarta/servlet/http/HttpServletRequest;Ljakarta/servlet/http/HttpServletResponse;Ljakarta/servlet/FilterChain;)V+10
J 15417 c1 org.springframework.web.filter.OncePerRequestFilter.doFilter(Ljakarta/servlet/ServletRequest;Ljakarta/servlet/ServletResponse;Ljakarta/servlet/FilterChain;)V (178 bytes) @ 0x000001d4c6816734 [0x000001d4c6816000+0x0000000000000734]
J 15237 c1 org.springframework.security.web.FilterChainProxy$VirtualFilterChain.doFilter(Ljakarta/servlet/ServletRequest;Ljakarta/servlet/ServletResponse;)V (111 bytes) @ 0x000001d4c68a40fc [0x000001d4c68a3d40+0x00000000000003bc]
j  org.springframework.security.web.FilterChainProxy.doFilterInternal(Ljakarta/servlet/ServletRequest;Ljakarta/servlet/ServletResponse;Ljakarta/servlet/FilterChain;)V+163
j  org.springframework.security.web.FilterChainProxy.doFilter(Ljakarta/servlet/ServletRequest;Ljakarta/servlet/ServletResponse;Ljakarta/servlet/FilterChain;)V+48
j  org.springframework.web.filter.CompositeFilter$VirtualFilterChain.doFilter(Ljakarta/servlet/ServletRequest;Ljakarta/servlet/ServletResponse;)V+63
j  org.springframework.web.servlet.handler.HandlerMappingIntrospector.lambda$createCacheFilter$3(Ljakarta/servlet/ServletRequest;Ljakarta/servlet/ServletResponse;Ljakarta/servlet/FilterChain;)V+13
j  org.springframework.web.servlet.handler.HandlerMappingIntrospector$$Lambda+0x000001d4cda8e560.doFilter(Ljakarta/servlet/ServletRequest;Ljakarta/servlet/ServletResponse;Ljakarta/servlet/FilterChain;)V+7
j  org.springframework.web.filter.CompositeFilter$VirtualFilterChain.doFilter(Ljakarta/servlet/ServletRequest;Ljakarta/servlet/ServletResponse;)V+63
j  org.springframework.web.filter.CompositeFilter.doFilter(Ljakarta/servlet/ServletRequest;Ljakarta/servlet/ServletResponse;Ljakarta/servlet/FilterChain;)V+14
j  org.springframework.security.config.annotation.web.configuration.WebMvcSecurityConfiguration$CompositeFilterChainProxy.doFilter(Ljakarta/servlet/ServletRequest;Ljakarta/servlet/ServletResponse;Ljakarta/servlet/FilterChain;)V+7
j  org.springframework.web.filter.DelegatingFilterProxy.invokeDelegate(Ljakarta/servlet/Filter;Ljakarta/servlet/ServletRequest;Ljakarta/servlet/ServletResponse;Ljakarta/servlet/FilterChain;)V+5
j  org.springframework.web.filter.DelegatingFilterProxy.doFilter(Ljakarta/servlet/ServletRequest;Ljakarta/servlet/ServletResponse;Ljakarta/servlet/FilterChain;)V+85
J 15371 c1 org.apache.catalina.core.ApplicationFilterChain.internalDoFilter(Ljakarta/servlet/ServletRequest;Ljakarta/servlet/ServletResponse;)V (386 bytes) @ 0x000001d4c68279ac [0x000001d4c6827040+0x000000000000096c]
J 15370 c1 org.apache.catalina.core.ApplicationFilterChain.doFilter(Ljakarta/servlet/ServletRequest;Ljakarta/servlet/ServletResponse;)V (103 bytes) @ 0x000001d4c68299a4 [0x000001d4c6829940+0x0000000000000064]
j  org.springframework.web.filter.RequestContextFilter.doFilterInternal(Ljakarta/servlet/http/HttpServletRequest;Ljakarta/servlet/http/HttpServletResponse;Ljakarta/servlet/FilterChain;)V+21
J 15417 c1 org.springframework.web.filter.OncePerRequestFilter.doFilter(Ljakarta/servlet/ServletRequest;Ljakarta/servlet/ServletResponse;Ljakarta/servlet/FilterChain;)V (178 bytes) @ 0x000001d4c6816734 [0x000001d4c6816000+0x0000000000000734]
J 15371 c1 org.apache.catalina.core.ApplicationFilterChain.internalDoFilter(Ljakarta/servlet/ServletRequest;Ljakarta/servlet/ServletResponse;)V (386 bytes) @ 0x000001d4c68279ac [0x000001d4c6827040+0x000000000000096c]
J 15370 c1 org.apache.catalina.core.ApplicationFilterChain.doFilter(Ljakarta/servlet/ServletRequest;Ljakarta/servlet/ServletResponse;)V (103 bytes) @ 0x000001d4c68299a4 [0x000001d4c6829940+0x0000000000000064]
j  org.springframework.web.filter.FormContentFilter.doFilterInternal(Ljakarta/servlet/http/HttpServletRequest;Ljakarta/servlet/http/HttpServletResponse;Ljakarta/servlet/FilterChain;)V+38
J 15417 c1 org.springframework.web.filter.OncePerRequestFilter.doFilter(Ljakarta/servlet/ServletRequest;Ljakarta/servlet/ServletResponse;Ljakarta/servlet/FilterChain;)V (178 bytes) @ 0x000001d4c6816734 [0x000001d4c6816000+0x0000000000000734]
J 15371 c1 org.apache.catalina.core.ApplicationFilterChain.internalDoFilter(Ljakarta/servlet/ServletRequest;Ljakarta/servlet/ServletResponse;)V (386 bytes) @ 0x000001d4c68279ac [0x000001d4c6827040+0x000000000000096c]
J 15370 c1 org.apache.catalina.core.ApplicationFilterChain.doFilter(Ljakarta/servlet/ServletRequest;Ljakarta/servlet/ServletResponse;)V (103 bytes) @ 0x000001d4c68299a4 [0x000001d4c6829940+0x0000000000000064]
j  org.springframework.web.filter.CharacterEncodingFilter.doFilterInternal(Ljakarta/servlet/http/HttpServletRequest;Ljakarta/servlet/http/HttpServletResponse;Ljakarta/servlet/FilterChain;)V+53
J 15417 c1 org.springframework.web.filter.OncePerRequestFilter.doFilter(Ljakarta/servlet/ServletRequest;Ljakarta/servlet/ServletResponse;Ljakarta/servlet/FilterChain;)V (178 bytes) @ 0x000001d4c6816734 [0x000001d4c6816000+0x0000000000000734]
J 15371 c1 org.apache.catalina.core.ApplicationFilterChain.internalDoFilter(Ljakarta/servlet/ServletRequest;Ljakarta/servlet/ServletResponse;)V (386 bytes) @ 0x000001d4c68279ac [0x000001d4c6827040+0x000000000000096c]
J 15370 c1 org.apache.catalina.core.ApplicationFilterChain.doFilter(Ljakarta/servlet/ServletRequest;Ljakarta/servlet/ServletResponse;)V (103 bytes) @ 0x000001d4c68299a4 [0x000001d4c6829940+0x0000000000000064]
j  org.apache.catalina.core.StandardWrapperValve.invoke(Lorg/apache/catalina/connector/Request;Lorg/apache/catalina/connector/Response;)V+514
j  org.apache.catalina.core.StandardContextValve.invoke(Lorg/apache/catalina/connector/Request;Lorg/apache/catalina/connector/Response;)V+169
j  org.apache.catalina.authenticator.AuthenticatorBase.invoke(Lorg/apache/catalina/connector/Request;Lorg/apache/catalina/connector/Response;)V+221
j  org.apache.catalina.core.StandardHostValve.invoke(Lorg/apache/catalina/connector/Request;Lorg/apache/catalina/connector/Response;)V+131
j  org.apache.catalina.valves.ErrorReportValve.invoke(Lorg/apache/catalina/connector/Request;Lorg/apache/catalina/connector/Response;)V+6
j  org.apache.catalina.core.StandardEngineValve.invoke(Lorg/apache/catalina/connector/Request;Lorg/apache/catalina/connector/Response;)V+59
j  org.apache.catalina.connector.CoyoteAdapter.service(Lorg/apache/coyote/Request;Lorg/apache/coyote/Response;)V+188
j  org.apache.coyote.http11.Http11Processor.service(Lorg/apache/tomcat/util/net/SocketWrapperBase;)Lorg/apache/tomcat/util/net/AbstractEndpoint$Handler$SocketState;+796
j  org.apache.coyote.AbstractProcessorLight.process(Lorg/apache/tomcat/util/net/SocketWrapperBase;Lorg/apache/tomcat/util/net/SocketEvent;)Lorg/apache/tomcat/util/net/AbstractEndpoint$Handler$SocketState;+155
j  org.apache.coyote.AbstractProtocol$ConnectionHandler.process(Lorg/apache/tomcat/util/net/SocketWrapperBase;Lorg/apache/tomcat/util/net/SocketEvent;)Lorg/apache/tomcat/util/net/AbstractEndpoint$Handler$SocketState;+482
j  org.apache.tomcat.util.net.NioEndpoint$SocketProcessor.doRun()V+249
j  org.apache.tomcat.util.net.SocketProcessorBase.run()V+32
j  org.apache.tomcat.util.threads.ThreadPoolExecutor.runWorker(Lorg/apache/tomcat/util/threads/ThreadPoolExecutor$Worker;)V+92
j  org.apache.tomcat.util.threads.ThreadPoolExecutor$Worker.run()V+5
j  org.apache.tomcat.util.threads.TaskThread$WrappingRunnable.run()V+4
j  java.lang.Thread.runWith(Ljava/lang/Object;Ljava/lang/Runnable;)V+5 java.base@21.0.2
j  java.lang.Thread.run()V+19 java.base@21.0.2
v  ~StubRoutines::call_stub 0x000001d4c552100d

siginfo: EXCEPTION_ACCESS_VIOLATION (0xc0000005), reading address 0x000001d6eae5fe88


Registers:
RAX=0x000001d4c8710000, RBX=0x000001d4bd130c00, RCX=0x000000000000002b, RDX=0x0000000000000001
RSP=0x000000895cffe130, RBP=0x000000895cffe2d0, RSI=0x000000895cffe4b0, RDI=0x0000001113a7f46b
R8 =0x000001d6eae5fe88, R9 =0x000001d50db28038, R10=0x000001d4c5520000, R11=0x000000895cffe358
R12=0x0000000000000000, R13=0x00000000000003d8, R14=0x0000000000000002, R15=0x000001d4bd1099a0
RIP=0x00007ffe6734b51e, EFLAGS=0x0000000000010206


Register to memory mapping:

RAX=0x000001d4c8710000 points into unknown readable memory: 0x0000000000000001 | 01 00 00 00 00 00 00 00
RBX=0x000001d4bd130c00 points into unknown readable memory: 0x00007ffe67a03db8 | b8 3d a0 67 fe 7f 00 00
RCX=0x000000000000002b is an unknown value
RDX=0x0000000000000001 is an unknown value
RSP=0x000000895cffe130 points into unknown readable memory: 0x0000000000000000 | 00 00 00 00 00 00 00 00
RBP=0x000000895cffe2d0 points into unknown readable memory: 0x000001d4cc017600 | 00 76 01 cc d4 01 00 00
RSI=0x000000895cffe4b0 points into unknown readable memory: 0x000000895f5fa348 | 48 a3 5f 5f 89 00 00 00
RDI=0x0000001113a7f46b is an unknown value
R8 =0x000001d6eae5fe88 is an unknown value
R9 =0x000001d50db28038 is pointing into metadata
R10=0x000001d4c5520000 points into unknown readable memory: 0x0000000000000006 | 06 00 00 00 00 00 00 00
R11=0x000000895cffe358 points into unknown readable memory: 0x00007ffe673458ed | ed 58 34 67 fe 7f 00 00
R12=0x0 is null
R13=0x00000000000003d8 is an unknown value
R14=0x0000000000000002 is an unknown value
R15=0x000001d4bd1099a0 points into unknown readable memory: 0x0000000000000002 | 02 00 00 00 00 00 00 00

Top of Stack: (sp=0x000000895cffe130)
0x000000895cffe130:   0000000000000000 00007ffe67774582
0x000000895cffe140:   00000000c4d00580 0000005814a0cb11
0x000000895cffe150:   000001d5146aebd0 00007ffe673719f9
0x000000895cffe160:   000000895f5fa358 00007ffe67774582
0x000000895cffe170:   0000000000000000 000000895cffe4b0
0x000000895cffe180:   0000000000000010 00007ffe676e9499
0x000000895cffe190:   000001d5146aebd0 00007ffe67371962
0x000000895cffe1a0:   000000895cffe268 000000895f5fa358
0x000000895cffe1b0:   000001d4cc480090 0000000000000000
0x000000895cffe1c0:   0000000000000004 00007ffe67345ead
0x000000895cffe1d0:   000001d5146af180 0000000000000004
0x000000895cffe1e0:   000001d5146af180 000000895cffe4b0
0x000000895cffe1f0:   0000000b00000001 000001d50db28280
0x000000895cffe200:   000001d4bd1305f0 000001d4cc543560
0x000000895cffe210:   000001d4bd107600 00000000000003d8
0x000000895cffe220:   000001d4bd107610 000001d4bd1079e8
0x000000895cffe230:   000001d50db28273 000001d4000000b8
0x000000895cffe240:   000001d50db28280 00007ffe679ffa20
0x000000895cffe250:   000000895cffe4b0 000001d5146af180
0x000000895cffe260:   0000000400000003 000001d4cc543560
0x000000895cffe270:   0000001300000001 0000000000000055
0x000000895cffe280:   000000010000000c 000001d4cc480090
0x000000895cffe290:   0000000000000000 000001d4c568b3f8
0x000000895cffe2a0:   000001d513d35494 0000000000000000
0x000000895cffe2b0:   000001d5146aebd0 00007ffe673719f9
0x000000895cffe2c0:   00000000c4d004e0 000001d5146af180
0x000000895cffe2d0:   000001d4cc017600 00000006bd100013
0x000000895cffe2e0:   0000008900000000 0000000000000015
0x000000895cffe2f0:   000001d5146aebd0 00007ffe67371962
0x000000895cffe300:   0000000000000000 00000000c4d004e0
0x000000895cffe310:   00005cf04393645d 000000895cfff990
0x000000895cffe320:   0000000000000000 000001d5146af180 

Instructions: (pc=0x00007ffe6734b51e)
0x00007ffe6734b41e:   38 f0 4c 0f c1 04 c8 48 c7 42 08 00 00 00 00 44
0x00007ffe6734b42e:   89 12 49 ff 41 58 4c 01 5a 08 e9 49 ff ff ff 49
0x00007ffe6734b43e:   ff 41 50 4c 01 5a 08 e9 3c ff ff ff cc cc cc cc
0x00007ffe6734b44e:   cc cc 48 89 5c 24 08 57 48 83 ec 20 48 8b 01 48
0x00007ffe6734b45e:   8b fa 48 8b d9 ff 50 08 4c 8b c8 48 85 c0 74 66
0x00007ffe6734b46e:   4c 8b 40 10 4c 2b 00 48 c7 40 28 00 00 00 00 4c
0x00007ffe6734b47e:   89 43 18 48 8b 50 10 48 8b 48 08 48 8b c7 48 2b
0x00007ffe6734b48e:   ca 48 c1 e9 03 48 3b cf 48 0f 42 c1 48 3b c7 72
0x00007ffe6734b49e:   1e 48 8d 04 c2 49 89 41 10 90 ff 43 10 48 8b c2
0x00007ffe6734b4ae:   4c 89 4b 08 48 8b 5c 24 30 48 83 c4 20 5f c3 33
0x00007ffe6734b4be:   d2 90 ff 43 10 8b c2 4c 89 4b 08 48 8b 5c 24 30
0x00007ffe6734b4ce:   48 83 c4 20 5f c3 48 8b 5c 24 30 48 83 c4 20 5f
0x00007ffe6734b4de:   c3 cc 48 89 5c 24 08 57 48 83 ec 20 48 8b 01 48
0x00007ffe6734b4ee:   8b fa 48 8b d9 ff 10 48 2b 7b 08 8b 4b 18 48 8b
0x00007ffe6734b4fe:   43 20 48 c1 ef 03 48 d3 ef 40 0f b6 cf 48 8b d7
0x00007ffe6734b50e:   48 c1 ea 06 80 e1 3f 4c 8d 04 d0 ba 01 00 00 00
0x00007ffe6734b51e:   49 8b 00 48 d3 e2 48 8b c8 48 0b ca 48 3b c8 74
0x00007ffe6734b52e:   13 90 f0 49 0f b1 08 74 18 48 8b c8 48 0b ca 48
0x00007ffe6734b53e:   3b c8 75 ee 32 c0 48 8b 5c 24 30 48 83 c4 20 5f
0x00007ffe6734b54e:   c3 48 8b 5c 24 30 b0 01 48 83 c4 20 5f c3 cc cc
0x00007ffe6734b55e:   cc cc 48 89 5c 24 08 57 48 83 ec 20 4c 8b 41 30
0x00007ffe6734b56e:   48 8b da 48 8b f9 45 8b 88 80 00 00 00 41 8b 80
0x00007ffe6734b57e:   00 01 00 00 41 8b d1 2b d0 81 e2 ff ff 01 00 81
0x00007ffe6734b58e:   fa fe ff 01 00 73 26 49 8b 80 80 01 00 00 4a 89
0x00007ffe6734b59e:   1c c8 41 8d 41 01 25 ff ff 01 00 41 89 80 80 00
0x00007ffe6734b5ae:   00 00 48 8b 5c 24 30 48 83 c4 20 5f c3 e8 50 93
0x00007ffe6734b5be:   01 00 48 8b 57 30 44 8b 82 80 00 00 00 8b 82 00
0x00007ffe6734b5ce:   01 00 00 41 8b c8 2b c8 81 e1 ff ff 01 00 81 f9
0x00007ffe6734b5de:   fe ff 01 00 73 1a 48 8b 82 80 01 00 00 4a 89 1c
0x00007ffe6734b5ee:   c0 41 8d 40 01 25 ff ff 01 00 89 82 80 00 00 00
0x00007ffe6734b5fe:   48 8b 5c 24 30 48 83 c4 20 5f c3 cc cc cc cc cc
0x00007ffe6734b60e:   cc cc 48 89 5c 24 08 57 48 83 ec 20 48 8b 79 08 


Stack slot to memory mapping:

stack at sp + 0 slots: 0x0 is null
stack at sp + 1 slots: 0x00007ffe67774582 jvm.dll
stack at sp + 2 slots: 0x00000000c4d00580 is an oop: org.apache.tomcat.util.threads.ThreadPoolExecutor$Worker 
{0x00000000c4d00580} - klass: 'org/apache/tomcat/util/threads/ThreadPoolExecutor$Worker'
 - ---- fields (total size 6 words):
 - private transient 'exclusiveOwnerThread' 'Ljava/lang/Thread;' @12  null (0x00000000)
 - private volatile 'state' 'I' @16  0 (0x00000000)
 - private volatile transient 'head' 'Ljava/util/concurrent/locks/AbstractQueuedSynchronizer$Node;' @20  null (0x00000000)
 - private volatile transient 'tail' 'Ljava/util/concurrent/locks/AbstractQueuedSynchronizer$Node;' @24  null (0x00000000)
 - final 'thread' 'Ljava/lang/Thread;' @28  a 'org/apache/tomcat/util/threads/TaskThread'{0x00000000c4d004e0} (0xc4d004e0)
 - volatile 'completedTasks' 'J' @32  2 (0x0000000000000002)
 - 'firstTask' 'Ljava/lang/Runnable;' @40  null (0x00000000)
 - final synthetic 'this$0' 'Lorg/apache/tomcat/util/threads/ThreadPoolExecutor;' @44  a 'org/apache/tomcat/util/threads/ThreadPoolExecutor'{0x00000000c4d002a0} (0xc4d002a0)
stack at sp + 3 slots: 0x0000005814a0cb11 is an unknown value
stack at sp + 4 slots: 0x000001d5146aebd0 points into unknown readable memory: 0x000000895d5fedb0 | b0 ed 5f 5d 89 00 00 00
stack at sp + 5 slots: 0x00007ffe673719f9 jvm.dll
stack at sp + 6 slots: 0x000000895f5fa358 is pointing into the stack for thread: 0x000001d5135bdd30
stack at sp + 7 slots: 0x00007ffe67774582 jvm.dll


---------------  P R O C E S S  ---------------

Threads class SMR info:
_java_thread_list=0x000001d51933c270, length=29, elements={
0x000001d4cbb3a860, 0x000001d4cbb3b3c0, 0x000001d4cbb3e0b0, 0x000001d4cbb3eb10,
0x000001d4cbb49590, 0x000001d4cbb4dc20, 0x000001d4cbb5a020, 0x000001d4cbb03f70,
0x000001d5111083c0, 0x000001d511110a70, 0x000001d511113510, 0x000001d5115dde60,
0x000001d5117b8000, 0x000001d5117c2990, 0x000001d5117e3bd0, 0x000001d511913e80,
0x000001d511965d90, 0x000001d511b23f50, 0x000001d5135c3910, 0x000001d5135bd010,
0x000001d514ce1200, 0x000001d5135c1840, 0x000001d5135bd6a0, 0x000001d5135c3fa0,
0x000001d5135be3c0, 0x000001d5135c1ed0, 0x000001d5135bdd30, 0x000001d5135bea50,
0x000001d514cdf130
}

Java Threads: ( => current thread )
  0x000001d4cbb3a860 JavaThread "Reference Handler"          daemon [_thread_blocked, id=4492, stack(0x000000895d600000,0x000000895d700000) (1024K)]
  0x000001d4cbb3b3c0 JavaThread "Finalizer"                  daemon [_thread_blocked, id=4868, stack(0x000000895d700000,0x000000895d800000) (1024K)]
  0x000001d4cbb3e0b0 JavaThread "Signal Dispatcher"          daemon [_thread_blocked, id=12940, stack(0x000000895d800000,0x000000895d900000) (1024K)]
  0x000001d4cbb3eb10 JavaThread "Attach Listener"            daemon [_thread_blocked, id=4092, stack(0x000000895d900000,0x000000895da00000) (1024K)]
  0x000001d4cbb49590 JavaThread "Service Thread"             daemon [_thread_blocked, id=14120, stack(0x000000895da00000,0x000000895db00000) (1024K)]
  0x000001d4cbb4dc20 JavaThread "Monitor Deflation Thread"   daemon [_thread_blocked, id=11792, stack(0x000000895db00000,0x000000895dc00000) (1024K)]
  0x000001d4cbb5a020 JavaThread "C1 CompilerThread0"         daemon [_thread_blocked, id=4696, stack(0x000000895dc00000,0x000000895dd00000) (1024K)]
  0x000001d4cbb03f70 JavaThread "Common-Cleaner"             daemon [_thread_blocked, id=14552, stack(0x000000895dd00000,0x000000895de00000) (1024K)]
  0x000001d5111083c0 JavaThread "JDWP Transport Listener: dt_socket" daemon [_thread_blocked, id=1396, stack(0x000000895df00000,0x000000895e000000) (1024K)]
  0x000001d511110a70 JavaThread "JDWP Event Helper Thread"   daemon [_thread_blocked, id=9652, stack(0x000000895e000000,0x000000895e100000) (1024K)]
  0x000001d511113510 JavaThread "JDWP Command Reader"        daemon [_thread_blocked, id=9792, stack(0x000000895e100000,0x000000895e200000) (1024K)]
  0x000001d5115dde60 JavaThread "Notification Thread"        daemon [_thread_blocked, id=14464, stack(0x000000895e200000,0x000000895e300000) (1024K)]
  0x000001d5117b8000 JavaThread "RMI TCP Accept-0"           daemon [_thread_in_native, id=15232, stack(0x000000895e700000,0x000000895e800000) (1024K)]
  0x000001d5117c2990 JavaThread "RMI TCP Accept-58718"       daemon [_thread_in_native, id=14308, stack(0x000000895e800000,0x000000895e900000) (1024K)]
  0x000001d5117e3bd0 JavaThread "RMI TCP Accept-0"           daemon [_thread_in_native, id=14012, stack(0x000000895e900000,0x000000895ea00000) (1024K)]
  0x000001d511913e80 JavaThread "RMI Scheduler(0)"           daemon [_thread_blocked, id=7580, stack(0x000000895eb00000,0x000000895ec00000) (1024K)]
  0x000001d511965d90 JavaThread "RMI TCP Connection(idle)"   daemon [_thread_blocked, id=15288, stack(0x000000895ec00000,0x000000895ed00000) (1024K)]
  0x000001d511b23f50 JavaThread "JMX server connection timeout 33" daemon [_thread_blocked, id=8408, stack(0x000000895ed00000,0x000000895ee00000) (1024K)]
  0x000001d5135c3910 JavaThread "Live Reload Server"         daemon [_thread_in_native, id=15320, stack(0x0000008960100000,0x0000008960200000) (1024K)]
  0x000001d5135bd010 JavaThread "DestroyJavaVM"                     [_thread_blocked, id=2532, stack(0x000000895ce00000,0x000000895cf00000) (1024K)]
  0x000001d514ce1200 JavaThread "PostgreSQL-JDBC-Cleaner"    daemon [_thread_blocked, id=15052, stack(0x000000895f800000,0x000000895f900000) (1024K)]
  0x000001d5135c1840 JavaThread "Catalina-utility-1"                [_thread_blocked, id=15264, stack(0x000000895cd00000,0x000000895ce00000) (1024K)]
  0x000001d5135bd6a0 JavaThread "http-nio-8080-exec-1"       daemon [_thread_blocked, id=13604, stack(0x000000895e600000,0x000000895e700000) (1024K)]
  0x000001d5135c3fa0 JavaThread "Catalina-utility-2"                [_thread_blocked, id=6636, stack(0x000000895ea00000,0x000000895eb00000) (1024K)]
  0x000001d5135be3c0 JavaThread "http-nio-8080-exec-3"       daemon [_thread_blocked, id=14236, stack(0x000000895ef00000,0x000000895f000000) (1024K)]
  0x000001d5135c1ed0 JavaThread "http-nio-8080-exec-5"       daemon [_thread_blocked, id=15308, stack(0x000000895f100000,0x000000895f200000) (1024K)]
  0x000001d5135bdd30 JavaThread "http-nio-8080-exec-9"       daemon [_thread_blocked, id=236, stack(0x000000895f500000,0x000000895f600000) (1024K)]
  0x000001d5135bea50 JavaThread "http-nio-8080-exec-10"      daemon [_thread_blocked, id=12824, stack(0x000000895f600000,0x000000895f700000) (1024K)]
  0x000001d514cdf130 JavaThread "Thread-39"                         [_thread_blocked, id=14556, stack(0x000000895cb00000,0x000000895cc00000) (1024K)]
Total: 29

Other Threads:
  0x000001d4cbb197a0 VMThread "VM Thread"                           [id=11104, stack(0x000000895d500000,0x000000895d600000) (1024K)]
  0x000001d4cbb01ea0 WatcherThread "VM Periodic Task Thread"        [id=1908, stack(0x000000895d400000,0x000000895d500000) (1024K)]
=>0x000001d4bd1305f0 WorkerThread "GC Thread#0"                     [id=460, stack(0x000000895cf00000,0x000000895d000000) (1024K)]
  0x000001d511664ba0 WorkerThread "GC Thread#1"                     [id=14296, stack(0x000000895e300000,0x000000895e400000) (1024K)]
  0x000001d511672b00 WorkerThread "GC Thread#2"                     [id=12540, stack(0x000000895e400000,0x000000895e500000) (1024K)]
  0x000001d511672ea0 WorkerThread "GC Thread#3"                     [id=14056, stack(0x000000895e500000,0x000000895e600000) (1024K)]
  0x000001d4bd1399f0 ConcurrentGCThread "G1 Main Marker"            [id=13708, stack(0x000000895d000000,0x000000895d100000) (1024K)]
  0x000001d4bd13a880 WorkerThread "G1 Conc#0"                       [id=4652, stack(0x000000895d100000,0x000000895d200000) (1024K)]
  0x000001d4bd17eb70 ConcurrentGCThread "G1 Refine#0"               [id=7568, stack(0x000000895d200000,0x000000895d300000) (1024K)]
  0x000001d4cb9d45b0 ConcurrentGCThread "G1 Service"                [id=6332, stack(0x000000895d300000,0x000000895d400000) (1024K)]
Total: 10

Threads with active compile tasks:
C1 CompilerThread0  3543802 16060   !   1       jdk.internal.reflect.MethodHandleObjectFieldAccessorImpl::get (46 bytes)
Total: 1

VM state: at safepoint (normal execution)

VM Mutex/Monitor currently owned by a thread:  ([mutex/lock_event])
[0x00007ffe67c6cd68] Threads_lock - owner thread: 0x000001d4cbb197a0
[0x00007ffe67c6ce68] Heap_lock - owner thread: 0x000001d514cdf130

Heap address: 0x00000000c2200000, size: 990 MB, Compressed Oops mode: 32-bit

CDS archive(s) mapped at: [0x000001d4cc000000-0x000001d4ccc90000-0x000001d4ccc90000), size 13172736, SharedBaseAddress: 0x000001d4cc000000, ArchiveRelocationMode: 1.
Compressed class space mapped at: 0x000001d4cd000000-0x000001d50d000000, reserved size: 1073741824
Narrow klass base: 0x000001d4cc000000, Narrow klass shift: 0, Narrow klass range: 0x100000000

GC Precious Log:
 CardTable entry size: 512
 Card Set container configuration: InlinePtr #cards 5 size 8 Array Of Cards #cards 12 size 40 Howl #buckets 4 coarsen threshold 1843 Howl Bitmap #cards 512 size 80 coarsen threshold 460 Card regions per heap region 1 cards per card region 2048
 CPUs: 4 total, 4 available
 Memory: 3956M
 Large Page Support: Disabled
 NUMA Support: Disabled
 Compressed Oops: Enabled (32-bit)
 Heap Region Size: 1M
 Heap Min Capacity: 8M
 Heap Initial Capacity: 62M
 Heap Max Capacity: 990M
 Pre-touch: Disabled
 Parallel Workers: 4
 Concurrent Workers: 1
 Concurrent Refinement Workers: 4
 Periodic GC: Disabled

Heap:
 garbage-first heap   total 80896K, used 62584K [0x00000000c2200000, 0x0000000100000000)
  region size 1024K, 25 young (25600K), 5 survivors (5120K)
 Metaspace       used 87413K, committed 88256K, reserved 1179648K
  class space    used 12377K, committed 12736K, reserved 1048576K

Heap Regions: E=young(eden), S=young(survivor), O=old, HS=humongous(starts), HC=humongous(continues), CS=collection set, F=free, TAMS=top-at-mark-start, PB=parsable bottom
|   0|0x00000000c2200000, 0x00000000c2300000, 0x00000000c2300000|100%|HS|  |TAMS 0x00000000c2200000| PB 0x00000000c2200000| Complete 
|   1|0x00000000c2300000, 0x00000000c2400000, 0x00000000c2400000|100%| O|  |TAMS 0x00000000c2300000| PB 0x00000000c2300000| Untracked 
|   2|0x00000000c2400000, 0x00000000c2500000, 0x00000000c2500000|100%| O|  |TAMS 0x00000000c2400000| PB 0x00000000c2400000| Untracked 
|   3|0x00000000c2500000, 0x00000000c2600000, 0x00000000c2600000|100%| O|  |TAMS 0x00000000c2500000| PB 0x00000000c2500000| Untracked 
|   4|0x00000000c2600000, 0x00000000c26ffff8, 0x00000000c2700000| 99%| O|  |TAMS 0x00000000c2600000| PB 0x00000000c2600000| Untracked 
|   5|0x00000000c2700000, 0x00000000c27ffff8, 0x00000000c2800000| 99%| O|  |TAMS 0x00000000c2700000| PB 0x00000000c2700000| Untracked 
|   6|0x00000000c2800000, 0x00000000c28ffff0, 0x00000000c2900000| 99%| O|  |TAMS 0x00000000c2800000| PB 0x00000000c2800000| Untracked 
|   7|0x00000000c2900000, 0x00000000c2a00000, 0x00000000c2a00000|100%| O|  |TAMS 0x00000000c2900000| PB 0x00000000c2900000| Untracked 
|   8|0x00000000c2a00000, 0x00000000c2aff918, 0x00000000c2b00000| 99%| O|  |TAMS 0x00000000c2a00000| PB 0x00000000c2a00000| Untracked 
|   9|0x00000000c2b00000, 0x00000000c2c00000, 0x00000000c2c00000|100%| O|  |TAMS 0x00000000c2b00000| PB 0x00000000c2b00000| Untracked 
|  10|0x00000000c2c00000, 0x00000000c2cfff50, 0x00000000c2d00000| 99%| O|  |TAMS 0x00000000c2c00000| PB 0x00000000c2c00000| Untracked 
|  11|0x00000000c2d00000, 0x00000000c2df8070, 0x00000000c2e00000| 96%| O|  |TAMS 0x00000000c2d00000| PB 0x00000000c2d00000| Untracked 
|  12|0x00000000c2e00000, 0x00000000c2f00000, 0x00000000c2f00000|100%| O|  |TAMS 0x00000000c2e00000| PB 0x00000000c2e00000| Untracked 
|  13|0x00000000c2f00000, 0x00000000c2ffffd0, 0x00000000c3000000| 99%| O|  |TAMS 0x00000000c2f00000| PB 0x00000000c2f00000| Untracked 
|  14|0x00000000c3000000, 0x00000000c30fffe8, 0x00000000c3100000| 99%| O|  |TAMS 0x00000000c3000000| PB 0x00000000c3000000| Untracked 
|  15|0x00000000c3100000, 0x00000000c31ffff8, 0x00000000c3200000| 99%| O|  |TAMS 0x00000000c3100000| PB 0x00000000c3100000| Untracked 
|  16|0x00000000c3200000, 0x00000000c32fff20, 0x00000000c3300000| 99%| O|  |TAMS 0x00000000c3200000| PB 0x00000000c3200000| Untracked 
|  17|0x00000000c3300000, 0x00000000c33ffff0, 0x00000000c3400000| 99%| O|  |TAMS 0x00000000c3300000| PB 0x00000000c3300000| Untracked 
|  18|0x00000000c3400000, 0x00000000c3500000, 0x00000000c3500000|100%| O|  |TAMS 0x00000000c3400000| PB 0x00000000c3400000| Untracked 
|  19|0x00000000c3500000, 0x00000000c35ffff8, 0x00000000c3600000| 99%| O|  |TAMS 0x00000000c3500000| PB 0x00000000c3500000| Untracked 
|  20|0x00000000c3600000, 0x00000000c36fa938, 0x00000000c3700000| 97%| O|  |TAMS 0x00000000c3600000| PB 0x00000000c3600000| Untracked 
|  21|0x00000000c3700000, 0x00000000c3800000, 0x00000000c3800000|100%| O|  |TAMS 0x00000000c3700000| PB 0x00000000c3700000| Untracked 
|  22|0x00000000c3800000, 0x00000000c38ffff8, 0x00000000c3900000| 99%| O|  |TAMS 0x00000000c3800000| PB 0x00000000c3800000| Untracked 
|  23|0x00000000c3900000, 0x00000000c3a00000, 0x00000000c3a00000|100%| O|  |TAMS 0x00000000c3900000| PB 0x00000000c3900000| Untracked 
|  24|0x00000000c3a00000, 0x00000000c3afffd0, 0x00000000c3b00000| 99%| O|  |TAMS 0x00000000c3a00000| PB 0x00000000c3a00000| Untracked 
|  25|0x00000000c3b00000, 0x00000000c3bb56e0, 0x00000000c3c00000| 70%| O|  |TAMS 0x00000000c3b00000| PB 0x00000000c3b00000| Untracked 
|  26|0x00000000c3c00000, 0x00000000c3cfffb8, 0x00000000c3d00000| 99%| O|  |TAMS 0x00000000c3c00000| PB 0x00000000c3c00000| Untracked 
|  27|0x00000000c3d00000, 0x00000000c3e00000, 0x00000000c3e00000|100%| O|  |TAMS 0x00000000c3d00000| PB 0x00000000c3d00000| Untracked 
|  28|0x00000000c3e00000, 0x00000000c3f00000, 0x00000000c3f00000|100%| O|  |TAMS 0x00000000c3e00000| PB 0x00000000c3e00000| Untracked 
|  29|0x00000000c3f00000, 0x00000000c4000000, 0x00000000c4000000|100%| O|  |TAMS 0x00000000c3f00000| PB 0x00000000c3f00000| Untracked 
|  30|0x00000000c4000000, 0x00000000c4100000, 0x00000000c4100000|100%| O|  |TAMS 0x00000000c4000000| PB 0x00000000c4000000| Untracked 
|  31|0x00000000c4100000, 0x00000000c413f328, 0x00000000c4200000| 24%| O|  |TAMS 0x00000000c4100000| PB 0x00000000c4100000| Untracked 
|  32|0x00000000c4200000, 0x00000000c4200000, 0x00000000c4300000|  0%| F|  |TAMS 0x00000000c4200000| PB 0x00000000c4200000| Untracked 
|  33|0x00000000c4300000, 0x00000000c4400000, 0x00000000c4400000|100%| O|  |TAMS 0x00000000c4300000| PB 0x00000000c4300000| Untracked 
|  34|0x00000000c4400000, 0x00000000c4500000, 0x00000000c4500000|100%| O|  |TAMS 0x00000000c4400000| PB 0x00000000c4400000| Untracked 
|  35|0x00000000c4500000, 0x00000000c4600000, 0x00000000c4600000|100%| O|  |TAMS 0x00000000c4500000| PB 0x00000000c4500000| Untracked 
|  36|0x00000000c4600000, 0x00000000c4700000, 0x00000000c4700000|100%| O|  |TAMS 0x00000000c4600000| PB 0x00000000c4600000| Untracked 
|  37|0x00000000c4700000, 0x00000000c47df8f0, 0x00000000c4800000| 87%| O|  |TAMS 0x00000000c4700000| PB 0x00000000c4700000| Untracked 
|  38|0x00000000c4800000, 0x00000000c4800000, 0x00000000c4900000|  0%| F|  |TAMS 0x00000000c4800000| PB 0x00000000c4800000| Untracked 
|  39|0x00000000c4900000, 0x00000000c4a00000, 0x00000000c4a00000|100%| S|  |TAMS 0x00000000c4900000| PB 0x00000000c4900000| Complete 
|  40|0x00000000c4a00000, 0x00000000c4b00000, 0x00000000c4b00000|100%| S|  |TAMS 0x00000000c4a00000| PB 0x00000000c4a00000| Complete 
|  41|0x00000000c4b00000, 0x00000000c4c00000, 0x00000000c4c00000|100%| S|  |TAMS 0x00000000c4b00000| PB 0x00000000c4b00000| Complete 
|  42|0x00000000c4c00000, 0x00000000c4d00000, 0x00000000c4d00000|100%| S|  |TAMS 0x00000000c4c00000| PB 0x00000000c4c00000| Complete 
|  43|0x00000000c4d00000, 0x00000000c4e00000, 0x00000000c4e00000|100%| S|  |TAMS 0x00000000c4d00000| PB 0x00000000c4d00000| Complete 
|  44|0x00000000c4e00000, 0x00000000c4f00000, 0x00000000c4f00000|100%| O|  |TAMS 0x00000000c4e00000| PB 0x00000000c4e00000| Untracked 
|  45|0x00000000c4f00000, 0x00000000c4f00000, 0x00000000c5000000|  0%| F|  |TAMS 0x00000000c4f00000| PB 0x00000000c4f00000| Untracked 
|  46|0x00000000c5000000, 0x00000000c5000000, 0x00000000c5100000|  0%| F|  |TAMS 0x00000000c5000000| PB 0x00000000c5000000| Untracked 
|  47|0x00000000c5100000, 0x00000000c5100000, 0x00000000c5200000|  0%| F|  |TAMS 0x00000000c5100000| PB 0x00000000c5100000| Untracked 
|  48|0x00000000c5200000, 0x00000000c5200000, 0x00000000c5300000|  0%| F|  |TAMS 0x00000000c5200000| PB 0x00000000c5200000| Untracked 
|  49|0x00000000c5300000, 0x00000000c5300000, 0x00000000c5400000|  0%| F|  |TAMS 0x00000000c5300000| PB 0x00000000c5300000| Untracked 
|  50|0x00000000c5400000, 0x00000000c5400000, 0x00000000c5500000|  0%| F|  |TAMS 0x00000000c5400000| PB 0x00000000c5400000| Untracked 
|  51|0x00000000c5500000, 0x00000000c5500000, 0x00000000c5600000|  0%| F|  |TAMS 0x00000000c5500000| PB 0x00000000c5500000| Untracked 
|  52|0x00000000c5600000, 0x00000000c5600000, 0x00000000c5700000|  0%| F|  |TAMS 0x00000000c5600000| PB 0x00000000c5600000| Untracked 
|  53|0x00000000c5700000, 0x00000000c5700000, 0x00000000c5800000|  0%| F|  |TAMS 0x00000000c5700000| PB 0x00000000c5700000| Untracked 
|  54|0x00000000c5800000, 0x00000000c5800000, 0x00000000c5900000|  0%| F|  |TAMS 0x00000000c5800000| PB 0x00000000c5800000| Untracked 
|  55|0x00000000c5900000, 0x00000000c5900000, 0x00000000c5a00000|  0%| F|  |TAMS 0x00000000c5900000| PB 0x00000000c5900000| Untracked 
|  56|0x00000000c5a00000, 0x00000000c5a00000, 0x00000000c5b00000|  0%| F|  |TAMS 0x00000000c5a00000| PB 0x00000000c5a00000| Untracked 
|  57|0x00000000c5b00000, 0x00000000c5b00000, 0x00000000c5c00000|  0%| F|  |TAMS 0x00000000c5b00000| PB 0x00000000c5b00000| Untracked 
|  58|0x00000000c5c00000, 0x00000000c5c00000, 0x00000000c5d00000|  0%| F|  |TAMS 0x00000000c5c00000| PB 0x00000000c5c00000| Untracked 
|  59|0x00000000c5d00000, 0x00000000c5d57d50, 0x00000000c5e00000| 34%| E|  |TAMS 0x00000000c5d00000| PB 0x00000000c5d00000| Complete 
|  60|0x00000000c5e00000, 0x00000000c5f00000, 0x00000000c5f00000|100%| E|  |TAMS 0x00000000c5e00000| PB 0x00000000c5e00000| Complete 
|  61|0x00000000c5f00000, 0x00000000c6000000, 0x00000000c6000000|100%| E|  |TAMS 0x00000000c5f00000| PB 0x00000000c5f00000| Complete 
|  62|0x00000000c6000000, 0x00000000c6100000, 0x00000000c6100000|100%| E|  |TAMS 0x00000000c6000000| PB 0x00000000c6000000| Complete 
|  63|0x00000000c6100000, 0x00000000c6200000, 0x00000000c6200000|100%| E|  |TAMS 0x00000000c6100000| PB 0x00000000c6100000| Complete 
|  64|0x00000000c6200000, 0x00000000c6300000, 0x00000000c6300000|100%| E|  |TAMS 0x00000000c6200000| PB 0x00000000c6200000| Complete 
|  65|0x00000000c6300000, 0x00000000c6400000, 0x00000000c6400000|100%| E|  |TAMS 0x00000000c6300000| PB 0x00000000c6300000| Complete 
|  66|0x00000000c6400000, 0x00000000c6500000, 0x00000000c6500000|100%| E|  |TAMS 0x00000000c6400000| PB 0x00000000c6400000| Complete 
|  67|0x00000000c6500000, 0x00000000c6600000, 0x00000000c6600000|100%| E|  |TAMS 0x00000000c6500000| PB 0x00000000c6500000| Complete 
|  68|0x00000000c6600000, 0x00000000c6700000, 0x00000000c6700000|100%| E|  |TAMS 0x00000000c6600000| PB 0x00000000c6600000| Complete 
|  69|0x00000000c6700000, 0x00000000c6800000, 0x00000000c6800000|100%| E|  |TAMS 0x00000000c6700000| PB 0x00000000c6700000| Complete 
|  70|0x00000000c6800000, 0x00000000c6900000, 0x00000000c6900000|100%| E|  |TAMS 0x00000000c6800000| PB 0x00000000c6800000| Complete 
|  71|0x00000000c6900000, 0x00000000c6a00000, 0x00000000c6a00000|100%| E|  |TAMS 0x00000000c6900000| PB 0x00000000c6900000| Complete 
|  72|0x00000000c6a00000, 0x00000000c6b00000, 0x00000000c6b00000|100%| E|  |TAMS 0x00000000c6a00000| PB 0x00000000c6a00000| Complete 
|  73|0x00000000c6b00000, 0x00000000c6c00000, 0x00000000c6c00000|100%| E|  |TAMS 0x00000000c6b00000| PB 0x00000000c6b00000| Complete 
|  74|0x00000000c6c00000, 0x00000000c6d00000, 0x00000000c6d00000|100%| E|  |TAMS 0x00000000c6c00000| PB 0x00000000c6c00000| Complete 
|  75|0x00000000c6d00000, 0x00000000c6e00000, 0x00000000c6e00000|100%| E|  |TAMS 0x00000000c6d00000| PB 0x00000000c6d00000| Complete 
|  76|0x00000000c6e00000, 0x00000000c6f00000, 0x00000000c6f00000|100%| E|  |TAMS 0x00000000c6e00000| PB 0x00000000c6e00000| Complete 
|  77|0x00000000c6f00000, 0x00000000c7000000, 0x00000000c7000000|100%| E|  |TAMS 0x00000000c6f00000| PB 0x00000000c6f00000| Complete 
| 989|0x00000000fff00000, 0x0000000100000000, 0x0000000100000000|100%| E|  |TAMS 0x00000000fff00000| PB 0x00000000fff00000| Complete 

Card table byte_map: [0x000001d4c8520000,0x000001d4c8710000] _byte_map_base: 0x000001d4c7f0f000

Marking Bits: (CMBitMap*) 0x000001d4bd130c00
 Bits: [0x000001d4c8710000, 0x000001d4c9688000)

Polling page: 0x000001d4bb020000

Metaspace:

Usage:
  Non-class:     73.28 MB used.
      Class:     12.09 MB used.
       Both:     85.36 MB used.

Virtual space:
  Non-class space:      128.00 MB reserved,      73.75 MB ( 58%) committed,  2 nodes.
      Class space:        1.00 GB reserved,      12.44 MB (  1%) committed,  1 nodes.
             Both:        1.12 GB reserved,      86.19 MB (  7%) committed. 

Chunk freelists:
   Non-Class:  6.09 MB
       Class:  3.53 MB
        Both:  9.62 MB

MaxMetaspaceSize: unlimited
CompressedClassSpaceSize: 1.00 GB
Initial GC threshold: 21.00 MB
Current GC threshold: 142.12 MB
CDS: on
 - commit_granule_bytes: 65536.
 - commit_granule_words: 8192.
 - virtual_space_node_default_size: 8388608.
 - enlarge_chunks_in_place: 1.
 - use_allocation_guard: 0.


Internal statistics:

num_allocs_failed_limit: 6.
num_arena_births: 3420.
num_arena_deaths: 2274.
num_vsnodes_births: 3.
num_vsnodes_deaths: 0.
num_space_committed: 1381.
num_space_uncommitted: 2.
num_chunks_returned_to_freelist: 2933.
num_chunks_taken_from_freelist: 8017.
num_chunk_merges: 628.
num_chunk_splits: 4153.
num_chunks_enlarged: 2817.
num_inconsistent_stats: 0.

CodeCache: size=49152Kb used=20930Kb max_used=21774Kb free=28221Kb
 bounds [0x000001d4c5520000, 0x000001d4c6a70000, 0x000001d4c8520000]
 total_blobs=11042 nmethods=10304 adapters=659
 compilation: enabled
              stopped_count=0, restarted_count=0
 full_count=0

Compilation events (20 events):
Event: 3540.764 Thread 0x000001d4cbb5a020 nmethod 16050 0x000001d4c6958090 code [0x000001d4c6958220, 0x000001d4c69582f8]
Event: 3540.801 Thread 0x000001d4cbb5a020 16051   !   1       org.springframework.beans.factory.support.DisposableBeanAdapter::destroy (386 bytes)
Event: 3540.803 Thread 0x000001d4cbb5a020 nmethod 16051 0x000001d4c6956710 code [0x000001d4c6956ac0, 0x000001d4c69577b0]
Event: 3542.989 Thread 0x000001d4cbb5a020 16052       1       java.util.ResourceBundle::getObject (82 bytes)
Event: 3542.990 Thread 0x000001d4cbb5a020 nmethod 16052 0x000001d4c6955c90 code [0x000001d4c6955ee0, 0x000001d4c69563c8]
Event: 3543.098 Thread 0x000001d4cbb5a020 16053  s!   1       org.apache.catalina.util.LifecycleBase::stop (347 bytes)
Event: 3543.103 Thread 0x000001d4cbb5a020 nmethod 16053 0x000001d4c6953f90 code [0x000001d4c6954300, 0x000001d4c69553a0]
Event: 3543.103 Thread 0x000001d4cbb5a020 16054       1       org.apache.tomcat.util.collections.ManagedConcurrentWeakHashMap$Key::equals (61 bytes)
Event: 3543.104 Thread 0x000001d4cbb5a020 nmethod 16054 0x000001d4c6953990 code [0x000001d4c6953b80, 0x000001d4c6953e88]
Event: 3543.112 Thread 0x000001d4cbb5a020 16055       1       java.lang.StackTraceElement::length (13 bytes)
Event: 3543.112 Thread 0x000001d4cbb5a020 nmethod 16055 0x000001d4c6953610 code [0x000001d4c69537a0, 0x000001d4c6953898]
Event: 3543.113 Thread 0x000001d4cbb5a020 16056       1       java.lang.StackTraceElement::toString (298 bytes)
Event: 3543.117 Thread 0x000001d4cbb5a020 nmethod 16056 0x000001d4c6952510 code [0x000001d4c69527e0, 0x000001d4c6952f80]
Event: 3543.117 Thread 0x000001d4cbb5a020 16057       1       java.lang.StackTraceElement::dropClassLoaderName (16 bytes)
Event: 3543.118 Thread 0x000001d4cbb5a020 nmethod 16057 0x000001d4c6952210 code [0x000001d4c69523a0, 0x000001d4c6952480]
Event: 3543.118 Thread 0x000001d4cbb5a020 16058       1       java.lang.StackTraceElement::isNativeMethod (15 bytes)
Event: 3543.118 Thread 0x000001d4cbb5a020 nmethod 16058 0x000001d4c6951f10 code [0x000001d4c69520a0, 0x000001d4c6952178]
Event: 3543.122 Thread 0x000001d4cbb5a020 16059       1       java.nio.DirectByteBuffer::cleaner (5 bytes)
Event: 3543.122 Thread 0x000001d4cbb5a020 nmethod 16059 0x000001d4c6951c10 code [0x000001d4c6951da0, 0x000001d4c6951e68]
Event: 3543.122 Thread 0x000001d4cbb5a020 16060   !   1       jdk.internal.reflect.MethodHandleObjectFieldAccessorImpl::get (46 bytes)

GC Heap History (20 events):
Event: 2762.261 GC heap after
{Heap after GC invocations=83 (full 8):
 garbage-first heap   total 80896K, used 34223K [0x00000000c2200000, 0x0000000100000000)
  region size 1024K, 0 young (0K), 0 survivors (0K)
 Metaspace       used 85623K, committed 86464K, reserved 1179648K
  class space    used 12176K, committed 12544K, reserved 1048576K
}
Event: 2763.528 GC heap before
{Heap before GC invocations=83 (full 8):
 garbage-first heap   total 80896K, used 66991K [0x00000000c2200000, 0x0000000100000000)
  region size 1024K, 33 young (33792K), 0 survivors (0K)
 Metaspace       used 85781K, committed 86592K, reserved 1179648K
  class space    used 12194K, committed 12544K, reserved 1048576K
}
Event: 2763.536 GC heap after
{Heap after GC invocations=84 (full 8):
 garbage-first heap   total 80896K, used 37659K [0x00000000c2200000, 0x0000000100000000)
  region size 1024K, 4 young (4096K), 4 survivors (4096K)
 Metaspace       used 85781K, committed 86592K, reserved 1179648K
  class space    used 12194K, committed 12544K, reserved 1048576K
}
Event: 2765.612 GC heap before
{Heap before GC invocations=85 (full 8):
 garbage-first heap   total 80896K, used 68379K [0x00000000c2200000, 0x0000000100000000)
  region size 1024K, 35 young (35840K), 4 survivors (4096K)
 Metaspace       used 85872K, committed 86656K, reserved 1179648K
  class space    used 12212K, committed 12544K, reserved 1048576K
}
Event: 2765.629 GC heap after
{Heap after GC invocations=86 (full 8):
 garbage-first heap   total 80896K, used 39812K [0x00000000c2200000, 0x0000000100000000)
  region size 1024K, 3 young (3072K), 3 survivors (3072K)
 Metaspace       used 85872K, committed 86656K, reserved 1179648K
  class space    used 12212K, committed 12544K, reserved 1048576K
}
Event: 2767.693 GC heap before
{Heap before GC invocations=86 (full 8):
 garbage-first heap   total 80896K, used 68484K [0x00000000c2200000, 0x0000000100000000)
  region size 1024K, 32 young (32768K), 3 survivors (3072K)
 Metaspace       used 86164K, committed 86912K, reserved 1179648K
  class space    used 12231K, committed 12544K, reserved 1048576K
}
Event: 2767.716 GC heap after
{Heap after GC invocations=87 (full 8):
 garbage-first heap   total 80896K, used 43306K [0x00000000c2200000, 0x0000000100000000)
  region size 1024K, 4 young (4096K), 4 survivors (4096K)
 Metaspace       used 86164K, committed 86912K, reserved 1179648K
  class space    used 12231K, committed 12544K, reserved 1048576K
}
Event: 2947.021 GC heap before
{Heap before GC invocations=87 (full 8):
 garbage-first heap   total 80896K, used 68906K [0x00000000c2200000, 0x0000000100000000)
  region size 1024K, 30 young (30720K), 4 survivors (4096K)
 Metaspace       used 86469K, committed 87296K, reserved 1179648K
  class space    used 12262K, committed 12608K, reserved 1048576K
}
Event: 2947.060 GC heap after
{Heap after GC invocations=88 (full 8):
 garbage-first heap   total 80896K, used 45402K [0x00000000c2200000, 0x0000000100000000)
  region size 1024K, 3 young (3072K), 3 survivors (3072K)
 Metaspace       used 86469K, committed 87296K, reserved 1179648K
  class space    used 12262K, committed 12608K, reserved 1048576K
}
Event: 3165.923 GC heap before
{Heap before GC invocations=89 (full 8):
 garbage-first heap   total 80896K, used 71002K [0x00000000c2200000, 0x0000000100000000)
  region size 1024K, 28 young (28672K), 3 survivors (3072K)
 Metaspace       used 86365K, committed 87296K, reserved 1179648K
  class space    used 12243K, committed 12608K, reserved 1048576K
}
Event: 3166.381 GC heap after
{Heap after GC invocations=90 (full 8):
 garbage-first heap   total 80896K, used 45926K [0x00000000c2200000, 0x0000000100000000)
  region size 1024K, 1 young (1024K), 1 survivors (1024K)
 Metaspace       used 86365K, committed 87296K, reserved 1179648K
  class space    used 12243K, committed 12608K, reserved 1048576K
}
Event: 3405.836 GC heap before
{Heap before GC invocations=90 (full 8):
 garbage-first heap   total 80896K, used 67430K [0x00000000c2200000, 0x0000000100000000)
  region size 1024K, 24 young (24576K), 1 survivors (1024K)
 Metaspace       used 86505K, committed 87296K, reserved 1179648K
  class space    used 12260K, committed 12608K, reserved 1048576K
}
Event: 3406.218 GC heap after
{Heap after GC invocations=91 (full 9):
 garbage-first heap   total 80896K, used 31693K [0x00000000c2200000, 0x0000000100000000)
  region size 1024K, 0 young (0K), 0 survivors (0K)
 Metaspace       used 86460K, committed 87296K, reserved 1179648K
  class space    used 12248K, committed 12608K, reserved 1048576K
}
Event: 3408.597 GC heap before
{Heap before GC invocations=91 (full 9):
 garbage-first heap   total 80896K, used 69581K [0x00000000c2200000, 0x0000000100000000)
  region size 1024K, 37 young (37888K), 0 survivors (0K)
 Metaspace       used 86681K, committed 87424K, reserved 1179648K
  class space    used 12286K, committed 12608K, reserved 1048576K
}
Event: 3408.619 GC heap after
{Heap after GC invocations=92 (full 9):
 garbage-first heap   total 80896K, used 36086K [0x00000000c2200000, 0x0000000100000000)
  region size 1024K, 5 young (5120K), 5 survivors (5120K)
 Metaspace       used 86681K, committed 87424K, reserved 1179648K
  class space    used 12286K, committed 12608K, reserved 1048576K
}
Event: 3410.862 GC heap before
{Heap before GC invocations=93 (full 9):
 garbage-first heap   total 80896K, used 66806K [0x00000000c2200000, 0x0000000100000000)
  region size 1024K, 36 young (36864K), 5 survivors (5120K)
 Metaspace       used 86930K, committed 87744K, reserved 1179648K
  class space    used 12323K, committed 12672K, reserved 1048576K
}
Event: 3410.898 GC heap after
{Heap after GC invocations=94 (full 9):
 garbage-first heap   total 80896K, used 38605K [0x00000000c2200000, 0x0000000100000000)
  region size 1024K, 3 young (3072K), 3 survivors (3072K)
 Metaspace       used 86930K, committed 87744K, reserved 1179648K
  class space    used 12323K, committed 12672K, reserved 1048576K
}
Event: 3412.670 GC heap before
{Heap before GC invocations=94 (full 9):
 garbage-first heap   total 80896K, used 70349K [0x00000000c2200000, 0x0000000100000000)
  region size 1024K, 34 young (34816K), 3 survivors (3072K)
 Metaspace       used 87178K, committed 88000K, reserved 1179648K
  class space    used 12354K, committed 12736K, reserved 1048576K
}
Event: 3412.692 GC heap after
{Heap after GC invocations=95 (full 9):
 garbage-first heap   total 80896K, used 42776K [0x00000000c2200000, 0x0000000100000000)
  region size 1024K, 5 young (5120K), 5 survivors (5120K)
 Metaspace       used 87178K, committed 88000K, reserved 1179648K
  class space    used 12354K, committed 12736K, reserved 1048576K
}
Event: 3543.123 GC heap before
{Heap before GC invocations=95 (full 9):
 garbage-first heap   total 80896K, used 62232K [0x00000000c2200000, 0x0000000100000000)
  region size 1024K, 25 young (25600K), 5 survivors (5120K)
 Metaspace       used 87413K, committed 88256K, reserved 1179648K
  class space    used 12377K, committed 12736K, reserved 1048576K
}

Dll operation events (12 events):
Event: 0.986 Loaded shared library D:\Program Files\Java\jdk-21\bin\java.dll
Event: 2.429 Loaded shared library D:\Program Files\Java\jdk-21\bin\zip.dll
Event: 2.452 Loaded shared library D:\Program Files\Java\jdk-21\bin\instrument.dll
Event: 2.502 Loaded shared library D:\Program Files\Java\jdk-21\bin\net.dll
Event: 2.505 Loaded shared library D:\Program Files\Java\jdk-21\bin\nio.dll
Event: 2.519 Loaded shared library D:\Program Files\Java\jdk-21\bin\zip.dll
Event: 3.429 Loaded shared library D:\Program Files\Java\jdk-21\bin\jimage.dll
Event: 3.603 Loaded shared library D:\Program Files\Java\jdk-21\bin\management.dll
Event: 3.638 Loaded shared library D:\Program Files\Java\jdk-21\bin\management_ext.dll
Event: 4.551 Loaded shared library D:\Program Files\Java\jdk-21\bin\extnet.dll
Event: 4.652 Loaded shared library D:\Program Files\Java\jdk-21\bin\verify.dll
Event: 9.861 Loaded shared library D:\Program Files\Java\jdk-21\bin\sunmscapi.dll

Deoptimization events (20 events):
Event: 3543.111 Thread 0x000001d514cdf130 DEOPT PACKING pc=0x000001d4c5c91094 sp=0x000000895cbfc7b0
Event: 3543.111 Thread 0x000001d514cdf130 DEOPT UNPACKING pc=0x000001d4c5574e42 sp=0x000000895cbfbd70 mode 1
Event: 3543.113 Thread 0x000001d5135c3280 DEOPT PACKING pc=0x000001d4c568b1c4 sp=0x000000895f4feef0
Event: 3543.113 Thread 0x000001d5135c3280 DEOPT UNPACKING pc=0x000001d4c5574e42 sp=0x000000895f4fe498 mode 1
Event: 3543.113 Thread 0x000001d5135c0490 DEOPT PACKING pc=0x000001d4c568b1c4 sp=0x000000895f3febd0
Event: 3543.113 Thread 0x000001d5135c0490 DEOPT UNPACKING pc=0x000001d4c5574e42 sp=0x000000895f3fe178 mode 1
Event: 3543.114 Thread 0x000001d5135c2bf0 DEOPT PACKING pc=0x000001d4c568b1c4 sp=0x000000895eefedd0
Event: 3543.114 Thread 0x000001d5135c2bf0 DEOPT UNPACKING pc=0x000001d4c5574e42 sp=0x000000895eefe378 mode 1
Event: 3543.114 Thread 0x000001d5135bea50 DEOPT PACKING pc=0x000001d4c568b1c4 sp=0x000000895f6feac0
Event: 3543.114 Thread 0x000001d5135bea50 DEOPT UNPACKING pc=0x000001d4c5574e42 sp=0x000000895f6fe068 mode 1
Event: 3543.114 Thread 0x000001d5135c1ed0 DEOPT PACKING pc=0x000001d4c568b1c4 sp=0x000000895f1fefe0
Event: 3543.114 Thread 0x000001d5135c1ed0 DEOPT UNPACKING pc=0x000001d4c5574e42 sp=0x000000895f1fe588 mode 1
Event: 3543.114 Thread 0x000001d5135bd6a0 DEOPT PACKING pc=0x000001d4c568b1c4 sp=0x000000895e6fec10
Event: 3543.114 Thread 0x000001d5135bd6a0 DEOPT UNPACKING pc=0x000001d4c5574e42 sp=0x000000895e6fe1b8 mode 1
Event: 3543.114 Thread 0x000001d514cdfe50 DEOPT PACKING pc=0x000001d4c56e6534 sp=0x000000895f7ff0c0
Event: 3543.114 Thread 0x000001d514cdfe50 DEOPT UNPACKING pc=0x000001d4c5574e42 sp=0x000000895f7fe5a8 mode 1
Event: 3543.120 Thread 0x000001d5135c0b20 DEOPT PACKING pc=0x000001d4c568b1c4 sp=0x000000895f2fee30
Event: 3543.120 Thread 0x000001d5135c0b20 DEOPT UNPACKING pc=0x000001d4c5574e42 sp=0x000000895f2fe3d8 mode 1
Event: 3543.121 Thread 0x000001d5135c4630 DEOPT PACKING pc=0x000001d4c568b1c4 sp=0x000000895f0fece0
Event: 3543.121 Thread 0x000001d5135c4630 DEOPT UNPACKING pc=0x000001d4c5574e42 sp=0x000000895f0fe288 mode 1

Classes loaded (20 events):
Event: 2601.570 Loading class java/time/DurationEditor
Event: 2601.571 Loading class java/time/DurationEditor done
Event: 2664.963 Loading class java/time/DurationEditor
Event: 2664.963 Loading class java/time/DurationEditor done
Event: 2766.999 Loading class java/time/DurationEditor
Event: 2766.999 Loading class java/time/DurationEditor done
Event: 3405.720 Loading class sun/util/locale/LocaleExtensions
Event: 3405.742 Loading class sun/util/locale/LocaleExtensions done
Event: 3405.748 Loading class java/util/Locale$FilteringMode
Event: 3405.757 Loading class java/util/Locale$FilteringMode done
Event: 3405.759 Loading class java/util/Locale$IsoCountryCode
Event: 3405.764 Loading class java/util/Locale$IsoCountryCode done
Event: 3405.767 Loading class java/io/ObjectOutputStream$PutFieldImpl
Event: 3405.781 Loading class java/io/ObjectOutputStream$PutField
Event: 3405.783 Loading class java/io/ObjectOutputStream$PutField done
Event: 3405.783 Loading class java/io/ObjectOutputStream$PutFieldImpl done
Event: 3411.602 Loading class java/time/DurationEditor
Event: 3411.602 Loading class java/time/DurationEditor done
Event: 3476.795 Loading class sun/net/ConnectionResetException
Event: 3476.796 Loading class sun/net/ConnectionResetException done

Classes unloaded (20 events):
Event: 3408.794 Thread 0x000001d4cbb197a0 Unloading class 0x000001d4cdbe5000 'jdk/internal/reflect/GeneratedSerializationConstructorAccessor311'
Event: 3408.794 Thread 0x000001d4cbb197a0 Unloading class 0x000001d4cdbfa800 'jdk/internal/reflect/GeneratedSerializationConstructorAccessor310'
Event: 3408.794 Thread 0x000001d4cbb197a0 Unloading class 0x000001d4cdc16400 'jdk/internal/reflect/GeneratedSerializationConstructorAccessor309'
Event: 3408.794 Thread 0x000001d4cbb197a0 Unloading class 0x000001d4cdc38800 'jdk/internal/reflect/GeneratedSerializationConstructorAccessor308'
Event: 3408.794 Thread 0x000001d4cbb197a0 Unloading class 0x000001d4cdc39400 'jdk/internal/reflect/GeneratedSerializationConstructorAccessor307'
Event: 3408.794 Thread 0x000001d4cbb197a0 Unloading class 0x000001d4cdc3b000 'jdk/internal/reflect/GeneratedSerializationConstructorAccessor306'
Event: 3408.794 Thread 0x000001d4cbb197a0 Unloading class 0x000001d4cdbe4c00 'jdk/internal/reflect/GeneratedSerializationConstructorAccessor305'
Event: 3408.794 Thread 0x000001d4cbb197a0 Unloading class 0x000001d4cdbbb400 'jdk/internal/reflect/GeneratedSerializationConstructorAccessor304'
Event: 3408.794 Thread 0x000001d4cbb197a0 Unloading class 0x000001d4cd006400 'jdk/internal/reflect/GeneratedSerializationConstructorAccessor303'
Event: 3408.794 Thread 0x000001d4cbb197a0 Unloading class 0x000001d4cd009000 'jdk/internal/reflect/GeneratedSerializationConstructorAccessor302'
Event: 3408.794 Thread 0x000001d4cbb197a0 Unloading class 0x000001d4cd00a800 'jdk/internal/reflect/GeneratedSerializationConstructorAccessor301'
Event: 3408.794 Thread 0x000001d4cbb197a0 Unloading class 0x000001d4cdbb0000 'jdk/internal/reflect/GeneratedSerializationConstructorAccessor300'
Event: 3408.794 Thread 0x000001d4cbb197a0 Unloading class 0x000001d4cd492400 'jdk/internal/reflect/GeneratedSerializationConstructorAccessor299'
Event: 3408.794 Thread 0x000001d4cbb197a0 Unloading class 0x000001d4cdbab800 'jdk/internal/reflect/GeneratedSerializationConstructorAccessor298'
Event: 3408.794 Thread 0x000001d4cbb197a0 Unloading class 0x000001d4cdba4000 'jdk/internal/reflect/GeneratedSerializationConstructorAccessor297'
Event: 3408.794 Thread 0x000001d4cbb197a0 Unloading class 0x000001d4cda98400 'jdk/internal/reflect/GeneratedSerializationConstructorAccessor296'
Event: 3408.794 Thread 0x000001d4cbb197a0 Unloading class 0x000001d4cd505400 'jdk/internal/reflect/GeneratedSerializationConstructorAccessor295'
Event: 3408.794 Thread 0x000001d4cbb197a0 Unloading class 0x000001d4cdbba800 'jdk/internal/reflect/GeneratedSerializationConstructorAccessor294'
Event: 3408.794 Thread 0x000001d4cbb197a0 Unloading class 0x000001d4cdba4800 'jdk/internal/reflect/GeneratedSerializationConstructorAccessor293'
Event: 3408.794 Thread 0x000001d4cbb197a0 Unloading class 0x000001d4cdbf8000 'jdk/internal/reflect/GeneratedSerializationConstructorAccessor292'

Classes redefined (9 events):
Event: 3404.714 Thread 0x000001d4cbb197a0 redefined class name=com.springboot.jpa.hibernate.SecurityConfig, count=1
Event: 3404.715 Thread 0x000001d4cbb197a0 redefined class name=com.springboot.jpa.hibernate.SecurityConfig, count=1
Event: 3404.715 Thread 0x000001d4cbb197a0 redefined class name=com.springboot.jpa.hibernate.SecurityConfig, count=1
Event: 3404.715 Thread 0x000001d4cbb197a0 redefined class name=com.springboot.jpa.hibernate.SecurityConfig, count=1
Event: 3404.715 Thread 0x000001d4cbb197a0 redefined class name=com.springboot.jpa.hibernate.SecurityConfig, count=1
Event: 3404.715 Thread 0x000001d4cbb197a0 redefined class name=com.springboot.jpa.hibernate.SecurityConfig, count=1
Event: 3404.716 Thread 0x000001d4cbb197a0 redefined class name=com.springboot.jpa.hibernate.SecurityConfig, count=1
Event: 3404.717 Thread 0x000001d4cbb197a0 redefined class name=com.springboot.jpa.hibernate.SecurityConfig, count=1
Event: 3404.717 Thread 0x000001d4cbb197a0 redefined class name=com.springboot.jpa.hibernate.SecurityConfig, count=1

Internal exceptions (20 events):
Event: 3405.664 Thread 0x000001d5135c2560 Exception <a 'java/lang/NoSuchMethodError'{0x00000000c5b8af00}: static [Ljava/lang/StackTraceElement;.<clinit>()V> (0x00000000c5b8af00) 
thrown [s\open\src\hotspot\share\prims\jni.cpp, line 1106]
Event: 3405.828 Thread 0x000001d514ce4680 Exception <a 'java/lang/InterruptedException'{0x00000000c5a21258}: sleep interrupted> (0x00000000c5a21258) 
thrown [s\open\src\hotspot\share\prims\jvm.cpp, line 3074]
Event: 3406.493 Thread 0x000001d5135bf770 Exception <a 'sun/nio/fs/WindowsException'{0x00000000fffac648}> (0x00000000fffac648) 
thrown [s\open\src\hotspot\share\prims\jni.cpp, line 520]
Event: 3408.358 Thread 0x000001d5135bf770 Exception <a 'java/lang/NoClassDefFoundError'{0x00000000c51714b8}: org/flywaydb/core/Flyway> (0x00000000c51714b8) 
thrown [s\open\src\hotspot\share\oops\constantPool.cpp, line 871]
Event: 3408.363 Thread 0x000001d5135bf770 Exception <a 'java/lang/NoClassDefFoundError'{0x00000000c5171b18}: liquibase/integration/spring/SpringLiquibase> (0x00000000c5171b18) 
thrown [s\open\src\hotspot\share\oops\constantPool.cpp, line 871]
Event: 3408.390 Thread 0x000001d5135bf770 Exception <a 'java/lang/NoClassDefFoundError'{0x00000000c51f8dc0}: org/jooq/DSLContext> (0x00000000c51f8dc0) 
thrown [s\open\src\hotspot\share\oops\constantPool.cpp, line 871]
Event: 3408.396 Thread 0x000001d5135bf770 Exception <a 'java/lang/NoClassDefFoundError'{0x00000000c5007e38}: org/springframework/batch/core/repository/JobRepository> (0x00000000c5007e38) 
thrown [s\open\src\hotspot\share\oops\constantPool.cpp, line 871]
Event: 3408.399 Thread 0x000001d5135bf770 Exception <a 'java/lang/NoClassDefFoundError'{0x00000000c5008490}: org/quartz/Scheduler> (0x00000000c5008490) 
thrown [s\open\src\hotspot\share\oops\constantPool.cpp, line 871]
Event: 3408.401 Thread 0x000001d5135bf770 Exception <a 'java/lang/NoClassDefFoundError'{0x00000000c5008b10}: org/springframework/session/jdbc/JdbcIndexedSessionRepository> (0x00000000c5008b10) 
thrown [s\open\src\hotspot\share\oops\constantPool.cpp, line 871]
Event: 3408.450 Thread 0x000001d5135bf770 Exception <a 'java/lang/NoSuchMethodError'{0x00000000c4f056b0}: 'void java.lang.invoke.DelegatingMethodHandle$Holder.reinvoke_L(java.lang.Object, java.lang.Object, int)'> (0x00000000c4f056b0) 
thrown [s\open\src\hotspot\share\interpreter\linkResolver.cpp, line 773]
Event: 3408.723 Thread 0x000001d5135bf770 Exception <a 'java/lang/NoSuchMethodError'{0x00000000c6d02360}: 'int java.lang.invoke.DirectMethodHandle$Holder.invokeVirtual(java.lang.Object, java.lang.Object, java.lang.Object, java.lang.Object)'> (0x00000000c6d02360) 
thrown [s\open\src\hotspot\share\interpreter\linkResolver.cpp, line 773]
Event: 3408.725 Thread 0x000001d5135bf770 Exception <a 'java/lang/NoSuchMethodError'{0x00000000c6d05928}: 'int java.lang.invoke.DelegatingMethodHandle$Holder.reinvoke_L(java.lang.Object, java.lang.Object, java.lang.Object, java.lang.Object)'> (0x00000000c6d05928) 
thrown [s\open\src\hotspot\share\interpreter\linkResolver.cpp, line 773]
Event: 3408.777 Thread 0x000001d5135bf770 Exception <a 'java/io/FileNotFoundException'{0x00000000c6d63028}> (0x00000000c6d63028) 
thrown [s\open\src\hotspot\share\prims\jni.cpp, line 520]
Event: 3408.952 Thread 0x000001d5135bf770 Exception <a 'java/lang/NoSuchMethodError'{0x00000000c6b9cd70}: static Lorg/springframework/security/web/csrf/DefaultCsrfToken;.<clinit>()V> (0x00000000c6b9cd70) 
thrown [s\open\src\hotspot\share\prims\jni.cpp, line 1106]
Event: 3408.965 Thread 0x000001d5135bf770 Exception <a 'java/lang/NoSuchMethodError'{0x00000000c6bcc320}: static Lorg/springframework/security/core/AuthenticationException;.<clinit>()V> (0x00000000c6bcc320) 
thrown [s\open\src\hotspot\share\prims\jni.cpp, line 1106]
Event: 3408.969 Thread 0x000001d5135bf770 Exception <a 'java/lang/NoSuchMethodError'{0x00000000c6bdb108}: static Lorg/springframework/security/authentication/BadCredentialsException;.<clinit>()V> (0x00000000c6bdb108) 
thrown [s\open\src\hotspot\share\prims\jni.cpp, line 1106]
Event: 3476.794 Thread 0x000001d5135c4630 Exception <a 'java/io/IOException'{0x00000000c64a01e0}> (0x00000000c64a01e0) 
thrown [s\open\src\hotspot\share\prims\jni.cpp, line 520]
Event: 3479.458 Thread 0x000001d5135c3280 Exception <a 'java/io/IOException'{0x00000000c64dd498}> (0x00000000c64dd498) 
thrown [s\open\src\hotspot\share\prims\jni.cpp, line 520]
Event: 3543.103 Thread 0x000001d514cdf130 Exception <a 'java/lang/NoSuchMethodError'{0x00000000c5d075b8}: static [Ljava/lang/StackTraceElement;.<clinit>()V> (0x00000000c5d075b8) 
thrown [s\open\src\hotspot\share\prims\jni.cpp, line 1106]
Event: 3543.114 Thread 0x000001d514cdfe50 Exception <a 'java/lang/InterruptedException'{0x00000000c5d43968}: sleep interrupted> (0x00000000c5d43968) 
thrown [s\open\src\hotspot\share\prims\jvm.cpp, line 3074]

ZGC Phase Switch (0 events):
No events

VM Operations (20 events):
Event: 3540.101 Executing VM operation: get/set locals done
Event: 3540.102 Executing VM operation: get/set locals
Event: 3540.102 Executing VM operation: get/set locals done
Event: 3540.103 Executing VM operation: get/set locals
Event: 3540.103 Executing VM operation: get/set locals done
Event: 3540.105 Executing VM operation: get/set locals
Event: 3540.105 Executing VM operation: get/set locals done
Event: 3540.106 Executing VM operation: get/set locals
Event: 3540.107 Executing VM operation: get/set locals done
Event: 3540.108 Executing VM operation: get/set locals
Event: 3540.111 Executing VM operation: get/set locals done
Event: 3540.114 Executing VM operation: get/set locals
Event: 3540.114 Executing VM operation: get/set locals done
Event: 3540.115 Executing VM operation: get/set locals
Event: 3540.116 Executing VM operation: get/set locals done
Event: 3540.117 Executing VM operation: get/set locals
Event: 3540.117 Executing VM operation: get/set locals done
Event: 3541.133 Executing VM operation: Cleanup
Event: 3541.133 Executing VM operation: Cleanup done
Event: 3543.123 Executing VM operation: G1CollectFull (System.gc())

Events (20 events):
Event: 3412.708 Thread 0x000001d5135bf770 Thread exited: 0x000001d5135bf770
Event: 3412.709 Thread 0x000001d5135c2560 Thread exited: 0x000001d5135c2560
Event: 3417.495 Thread 0x000001d514cdf130 Thread exited: 0x000001d514cdf130
Event: 3417.681 Thread 0x000001d514c427c0 Thread exited: 0x000001d514c427c0
Event: 3422.681 Thread 0x000001d514c40030 Thread exited: 0x000001d514c40030
Event: 3456.165 Thread 0x000001d514c40030 Thread added: 0x000001d514c40030
Event: 3462.310 Thread 0x000001d514c40030 Thread exited: 0x000001d514c40030
Event: 3540.720 Thread 0x000001d514cdf130 Thread added: 0x000001d514cdf130
Event: 3540.722 Thread 0x000001d514ce0b70 Thread exited: 0x000001d514ce0b70
Event: 3540.754 Thread 0x000001d514cdeaa0 Thread exited: 0x000001d514cdeaa0
Event: 3540.755 Thread 0x000001d514cdf7c0 Thread exited: 0x000001d514cdf7c0
Event: 3540.763 Thread 0x000001d514cdf7c0 Thread added: 0x000001d514cdf7c0
Event: 3540.765 Thread 0x000001d514ce2c40 Thread exited: 0x000001d514ce2c40
Event: 3540.803 Thread 0x000001d514cdf7c0 Thread exited: 0x000001d514cdf7c0
Event: 3543.114 Thread 0x000001d5135c0490 Thread exited: 0x000001d5135c0490
Event: 3543.115 Thread 0x000001d5135c2bf0 Thread exited: 0x000001d5135c2bf0
Event: 3543.115 Thread 0x000001d514cdfe50 Thread exited: 0x000001d514cdfe50
Event: 3543.120 Thread 0x000001d5135c3280 Thread exited: 0x000001d5135c3280
Event: 3543.121 Thread 0x000001d5135c0b20 Thread exited: 0x000001d5135c0b20
Event: 3543.122 Thread 0x000001d5135c4630 Thread exited: 0x000001d5135c4630


Dynamic libraries:
0x00007ff7be9e0000 - 0x00007ff7be9f0000 	D:\Program Files\Java\jdk-21\bin\javaw.exe
0x00007ffe9bfb0000 - 0x00007ffe9c1a8000 	C:\WINDOWS\SYSTEM32\ntdll.dll
0x00007ffe9ad60000 - 0x00007ffe9ae21000 	C:\WINDOWS\System32\KERNEL32.DLL
0x00007ffe99960000 - 0x00007ffe99c56000 	C:\WINDOWS\System32\KERNELBASE.dll
0x00007ffe99e40000 - 0x00007ffe99f40000 	C:\WINDOWS\System32\ucrtbase.dll
0x00007ffe82320000 - 0x00007ffe82339000 	D:\Program Files\Java\jdk-21\bin\jli.dll
0x00007ffe82300000 - 0x00007ffe8231b000 	D:\Program Files\Java\jdk-21\bin\VCRUNTIME140.dll
0x00007ffe9b570000 - 0x00007ffe9b620000 	C:\WINDOWS\System32\ADVAPI32.dll
0x00007ffe9a940000 - 0x00007ffe9a9de000 	C:\WINDOWS\System32\msvcrt.dll
0x00007ffe9a270000 - 0x00007ffe9a310000 	C:\WINDOWS\System32\sechost.dll
0x00007ffe9abf0000 - 0x00007ffe9ad13000 	C:\WINDOWS\System32\RPCRT4.dll
0x00007ffe99e10000 - 0x00007ffe99e37000 	C:\WINDOWS\System32\bcrypt.dll
0x00007ffe9a7a0000 - 0x00007ffe9a93f000 	C:\WINDOWS\System32\USER32.dll
0x00007ffe99660000 - 0x00007ffe99682000 	C:\WINDOWS\System32\win32u.dll
0x00007ffe8f000000 - 0x00007ffe8f29a000 	C:\WINDOWS\WinSxS\amd64_microsoft.windows.common-controls_6595b64144ccf1df_6.0.19041.4355_none_60b8b9eb71f62e16\COMCTL32.dll
0x00007ffe9af50000 - 0x00007ffe9af7b000 	C:\WINDOWS\System32\GDI32.dll
0x00007ffe996e0000 - 0x00007ffe997f7000 	C:\WINDOWS\System32\gdi32full.dll
0x00007ffe99f40000 - 0x00007ffe99fdd000 	C:\WINDOWS\System32\msvcp_win.dll
0x00007ffe994f0000 - 0x00007ffe994fa000 	C:\WINDOWS\SYSTEM32\VERSION.dll
0x00007ffe9ad30000 - 0x00007ffe9ad5f000 	C:\WINDOWS\System32\IMM32.DLL
0x00007ffe99440000 - 0x00007ffe99471000 	C:\Windows\system32\nvinitx.dll
0x000000000f000000 - 0x000000000f006000 	C:\Program Files\NVIDIA Corporation\CoProcManager\_etoured.dll
0x00007ffe89220000 - 0x00007ffe89252000 	C:\Program Files\NVIDIA Corporation\CoProcManager\nvd3d9wrapx.dll
0x00007ffe9b0a0000 - 0x00007ffe9b50e000 	C:\WINDOWS\System32\SETUPAPI.dll
0x00007ffe99690000 - 0x00007ffe996de000 	C:\WINDOWS\System32\cfgmgr32.dll
0x00007ffe887c0000 - 0x00007ffe887e2000 	C:\Program Files\NVIDIA Corporation\CoProcManager\nvdxgiwrapx.dll
0x00007ffe94430000 - 0x00007ffe9443c000 	D:\Program Files\Java\jdk-21\bin\vcruntime140_1.dll
0x00007ffe80450000 - 0x00007ffe804de000 	D:\Program Files\Java\jdk-21\bin\msvcp140.dll
0x00007ffe67030000 - 0x00007ffe67d47000 	D:\Program Files\Java\jdk-21\bin\server\jvm.dll
0x00007ffe9aee0000 - 0x00007ffe9af4b000 	C:\WINDOWS\System32\WS2_32.dll
0x00007ffe8f490000 - 0x00007ffe8f4b7000 	C:\WINDOWS\SYSTEM32\WINMM.dll
0x00007ffe994a0000 - 0x00007ffe994eb000 	C:\WINDOWS\SYSTEM32\POWRPROF.dll
0x00007ffe99480000 - 0x00007ffe99492000 	C:\WINDOWS\SYSTEM32\UMPDC.dll
0x00007ffe973b0000 - 0x00007ffe973c2000 	C:\WINDOWS\SYSTEM32\kernel.appcore.dll
0x00007ffe94400000 - 0x00007ffe9440a000 	D:\Program Files\Java\jdk-21\bin\jimage.dll
0x00007ffe90c70000 - 0x00007ffe90e54000 	C:\WINDOWS\SYSTEM32\DBGHELP.DLL
0x00007ffe90ef0000 - 0x00007ffe90f24000 	C:\WINDOWS\SYSTEM32\dbgcore.DLL
0x00007ffe99d80000 - 0x00007ffe99e02000 	C:\WINDOWS\System32\bcryptPrimitives.dll
0x00007ffe822c0000 - 0x00007ffe822fc000 	D:\Program Files\Java\jdk-21\bin\jdwp.dll
0x00007ffe94120000 - 0x00007ffe9412f000 	D:\Program Files\Java\jdk-21\bin\instrument.dll
0x00007ffe82070000 - 0x00007ffe8208f000 	D:\Program Files\Java\jdk-21\bin\java.dll
0x00007ffe9b790000 - 0x00007ffe9befc000 	C:\WINDOWS\System32\SHELL32.dll
0x00007ffe97690000 - 0x00007ffe97e2e000 	C:\WINDOWS\SYSTEM32\windows.storage.dll
0x00007ffe9a440000 - 0x00007ffe9a793000 	C:\WINDOWS\System32\combase.dll
0x00007ffe98f60000 - 0x00007ffe98f8e000 	C:\WINDOWS\SYSTEM32\Wldp.dll
0x00007ffe9a370000 - 0x00007ffe9a43d000 	C:\WINDOWS\System32\OLEAUT32.dll
0x00007ffe9ae30000 - 0x00007ffe9aedd000 	C:\WINDOWS\System32\SHCORE.dll
0x00007ffe9a310000 - 0x00007ffe9a365000 	C:\WINDOWS\System32\shlwapi.dll
0x00007ffe99590000 - 0x00007ffe995b4000 	C:\WINDOWS\SYSTEM32\profapi.dll
0x00007ffe93240000 - 0x00007ffe9324c000 	D:\Program Files\Java\jdk-21\bin\dt_socket.dll
0x00007ffe989a0000 - 0x00007ffe989db000 	C:\WINDOWS\SYSTEM32\IPHLPAPI.DLL
0x00007ffe98cc0000 - 0x00007ffe98d2a000 	C:\WINDOWS\system32\mswsock.dll
0x00007ffe989e0000 - 0x00007ffe98aaa000 	C:\WINDOWS\SYSTEM32\DNSAPI.dll
0x00007ffe9bf60000 - 0x00007ffe9bf68000 	C:\WINDOWS\System32\NSI.dll
0x00007ffe90ea0000 - 0x00007ffe90eaa000 	C:\Windows\System32\rasadhlp.dll
0x00007ffe8eb70000 - 0x00007ffe8ebf0000 	C:\WINDOWS\System32\fwpuclnt.dll
0x00007ffe80270000 - 0x00007ffe80288000 	D:\Program Files\Java\jdk-21\bin\zip.dll
0x00007ffe924d0000 - 0x00007ffe924e0000 	D:\Program Files\Java\jdk-21\bin\net.dll
0x00007ffe90560000 - 0x00007ffe9066a000 	C:\WINDOWS\SYSTEM32\WINHTTP.dll
0x00007ffe800a0000 - 0x00007ffe800b6000 	D:\Program Files\Java\jdk-21\bin\nio.dll
0x00007ffe8eb30000 - 0x00007ffe8eb3a000 	D:\Program Files\Java\jdk-21\bin\management.dll
0x00007ffe89ea0000 - 0x00007ffe89eab000 	D:\Program Files\Java\jdk-21\bin\management_ext.dll
0x00007ffe9ad20000 - 0x00007ffe9ad28000 	C:\WINDOWS\System32\PSAPI.DLL
0x00007ffe799b0000 - 0x00007ffe799c7000 	C:\WINDOWS\system32\napinsp.dll
0x00007ffe784d0000 - 0x00007ffe784eb000 	C:\WINDOWS\system32\pnrpnsp.dll
0x00007ffe93a40000 - 0x00007ffe93a55000 	C:\WINDOWS\system32\wshbth.dll
0x00007ffe930f0000 - 0x00007ffe9310d000 	C:\WINDOWS\system32\NLAapi.dll
0x00007ffe784b0000 - 0x00007ffe784c2000 	C:\WINDOWS\System32\winrnr.dll
0x00007ffe98eb0000 - 0x00007ffe98ec8000 	C:\WINDOWS\SYSTEM32\CRYPTSP.dll
0x00007ffe985e0000 - 0x00007ffe98614000 	C:\WINDOWS\system32\rsaenh.dll
0x00007ffe99500000 - 0x00007ffe9952e000 	C:\WINDOWS\SYSTEM32\USERENV.dll
0x00007ffe98ed0000 - 0x00007ffe98edc000 	C:\WINDOWS\SYSTEM32\CRYPTBASE.dll
0x00007ffe89b40000 - 0x00007ffe89b49000 	D:\Program Files\Java\jdk-21\bin\extnet.dll
0x00007ffe89a80000 - 0x00007ffe89a90000 	D:\Program Files\Java\jdk-21\bin\verify.dll
0x00007ffe83e10000 - 0x00007ffe83e1e000 	D:\Program Files\Java\jdk-21\bin\sunmscapi.dll
0x00007ffe98fd0000 - 0x00007ffe98ff9000 	C:\WINDOWS\SYSTEM32\ncrypt.dll
0x000001d512e10000 - 0x000001d512f6e000 	C:\WINDOWS\System32\CRYPT32.dll
0x00007ffe98f90000 - 0x00007ffe98fcb000 	C:\WINDOWS\SYSTEM32\NTASN1.dll
0x00007ffe93250000 - 0x00007ffe93257000 	C:\WINDOWS\system32\wshunix.dll

dbghelp: loaded successfully - version: 4.0.5 - missing functions: none
symbol engine: initialized successfully - sym options: 0x614 - pdb path: .;D:\Program Files\Java\jdk-21\bin;C:\WINDOWS\SYSTEM32;C:\WINDOWS\WinSxS\amd64_microsoft.windows.common-controls_6595b64144ccf1df_6.0.19041.4355_none_60b8b9eb71f62e16;C:\Program Files\NVIDIA Corporation\CoProcManager;D:\Program Files\Java\jdk-21\bin\server

VM Arguments:
jvm_args: -XX:+ShowCodeDetailsInExceptionMessages -agentlib:jdwp=transport=dt_socket,suspend=y,address=localhost:58720 -Dcom.sun.management.jmxremote -Dcom.sun.management.jmxremote.port=58718 -Dcom.sun.management.jmxremote.authenticate=false -Dcom.sun.management.jmxremote.ssl=false -Djava.rmi.server.hostname=localhost -Dspring.jmx.enabled=true -Dmanagement.endpoints.jmx.exposure.include=* -Dspring.application.admin.enabled=true -XX:TieredStopAtLevel=1 -Dspring.boot.project.name=spring-boot-jpa-hibernate-thymeleaf -javaagent:D:\Java Job\software\eclipse-jee-2023-12-R-win32-x86_64\eclipse\configuration\org.eclipse.osgi\434\0\.cp\lib\javaagent-shaded.jar -Dfile.encoding=UTF-8 -Dstdout.encoding=UTF-8 -Dstderr.encoding=UTF-8 
java_command: com.springboot.jpa.hibernate.SpringBootJpaHibernateThymeleafApplication --spring.output.ansi.enabled=always
java_class_path (initial): D:\java projects\eclipse workspace\spring-boot-jpa-hibernate-thymeleaf\target\classes;C:\Users\Lucky\.m2\repository\org\springframework\boot\spring-boot-starter-data-jpa\3.3.0\spring-boot-starter-data-jpa-3.3.0.jar;C:\Users\Lucky\.m2\repository\org\springframework\boot\spring-boot-starter-aop\3.3.0\spring-boot-starter-aop-3.3.0.jar;C:\Users\Lucky\.m2\repository\org\aspectj\aspectjweaver\1.9.22\aspectjweaver-1.9.22.jar;C:\Users\Lucky\.m2\repository\org\springframework\boot\spring-boot-starter-jdbc\3.3.0\spring-boot-starter-jdbc-3.3.0.jar;C:\Users\Lucky\.m2\repository\com\zaxxer\HikariCP\5.1.0\HikariCP-5.1.0.jar;C:\Users\Lucky\.m2\repository\org\springframework\spring-jdbc\6.1.8\spring-jdbc-6.1.8.jar;C:\Users\Lucky\.m2\repository\org\hibernate\orm\hibernate-core\6.5.2.Final\hibernate-core-6.5.2.Final.jar;C:\Users\Lucky\.m2\repository\jakarta\persistence\jakarta.persistence-api\3.1.0\jakarta.persistence-api-3.1.0.jar;C:\Users\Lucky\.m2\repository\jakarta\transaction\jakarta.transaction-api\2.0.1\jakarta.transaction-api-2.0.1.jar;C:\Users\Lucky\.m2\repository\org\jboss\logging\jboss-logging\3.5.3.Final\jboss-logging-3.5.3.Final.jar;C:\Users\Lucky\.m2\repository\org\hibernate\common\hibernate-commons-annotations\6.0.6.Final\hibernate-commons-annotations-6.0.6.Final.jar;C:\Users\Lucky\.m2\repository\io\smallrye\jandex\3.1.2\jandex-3.1.2.jar;C:\Users\Lucky\.m2\repository\com\fasterxml\classmate\1.7.0\classmate-1.7.0.jar;C:\Users\Lucky\.m2\repository\net\bytebuddy\byte-buddy\1.14.16\byte-buddy-1.14.16.jar;C:\Users\Lucky\.m2\repository\jakarta\xml\bind\jakarta.xml.bind-api\4.0.2\jakarta.xml.bind-api-4.0.2.jar;C:\Users\Lucky\.m2\repository\jakarta\activation\jakarta.activation-api\2.1.3\jakarta.activation-api-2.1.3.jar;C:\Users\Lucky\.m2\repository\org\glassfish\jaxb\jaxb-runtime\4.0.5\jaxb-runtime-4.0.5.jar;C:\Users\Lucky\.m2\repository\org\glassfish\jaxb\jaxb-core\4.0.5\jaxb-core-4.0.5.jar;C:\Users\Lucky\.m2\repository\org\eclipse\angus\angus-activation\2.0.2\angus-activation-2.0.2.jar;C:\Users\Lucky\.m2\repository\org\glassfish\jaxb\txw2\4.0.5\txw2-4.0.5.jar;C:\Users\Lucky\.m2\repository\com\sun\istack\istack-commons-runtime\4.1.2\istack-commons-runtime-4.1.2.jar;C:\Users\Lucky\.m2\repository\jakarta\inject\jakarta.inject-api\2.0.1\jakarta.inject-api-2.0.1.jar;C:\Users\Lucky\.m2\repository\org\antlr\antlr4-runtime\4.13.0\antlr4-runtime-4.13.0.jar;C:\Users\Lucky\.m2\repository\org\springframework\data\spring-data-jpa\3.3.0\spring-data-jpa-3.3.0.jar;C:\Users\Lucky\.m2\repository\org\springframework\data\spring-data-commons\3.3.0\spring-data-commons-3.3.0.jar;C:\Users\Lucky\.m2\repository\org\springframework\spring-orm\6.1.8\spring-orm-6.1.8.jar;C:\Users\Lucky\.m2\repository\org\springframework\spring-context\6.1.8\spring-context-6.1.8.jar;C:\Users\Lucky\.m2\repository\org\springframework\spring-tx\6.1.8\spring-tx-6.1.8.jar;C:\Users\Lucky\.m2\repository\org\springframework\spring-beans\6.1.8\spring-beans-6.1.8.jar;C:\Users\Lucky\.m2\repository\org\springframework\spring-core\6.1.8\spring-core-6.1.8.jar;C:\Users\Lucky\.m2\repository\org\springframework\spring-jcl\6.1.8\spring-jcl-6.1.8.jar;C:\Users\Lucky\.m2\repository\jakarta\annotation\jakarta.annotation-api\2.1.1\jakarta.annotation-api-2.1.1.jar;C:\Users\Lucky\.m2\repository\org\springframework\spring-aspects\6.1.8\spring-aspects-6.1.8.jar;C:\Users\Lucky\.m2\repository\org\springframework\boot\spring-boot-starter-thymeleaf\3.3.0\spring-boot-starter-thymeleaf-3.3.0.jar;C:\Users\Lucky\.m2\repository\org\springframework\boot\spring-boot-starter\3.3.0\spring-boot-starter-3.3.0.jar;C:\Users\Lucky\.m2\repository\org\springframework\boot\spring-boot-starter-logging\3.3.0\spring-boot-starter-logging-3.3.0.jar;C:\Users\Lucky\.m2\repository\ch\qos\logback\logback-classic\1.5.6\logback-classic-1.5.6.jar;C:\Users\Lucky\.m2\repository\ch\qos\logback\logback-core\1.5.6\logback-core-1.5.6.jar;C:\Users\Lucky\.m2\repository\org\apache\logging\log4j\log4j-to-slf4j\2.23.1\log4j-to-slf4j-2.23.1.jar;C:\Users\Lucky\.m2\repository\org\apache\logging\log4j\log4j-api\2.23.1\log4j-api-2.23.1.jar;C:\Users\Lucky\.m2\repository\org\slf4j\jul-to-slf4j\2.0.13\jul-to-slf4j-2.0.13.jar;C:\Users\Lucky\.m2\repository\org\yaml\snakeyaml\2.2\snakeyaml-2.2.jar;C:\Users\Lucky\.m2\repository\org\thymeleaf\thymeleaf-spring6\3.1.2.RELEASE\thymeleaf-spring6-3.1.2.RELEASE.jar;C:\Users\Lucky\.m2\repository\org\thymeleaf\thymeleaf\3.1.2.RELEASE\thymeleaf-3.1.2.RELEASE.jar;C:\Users\Lucky\.m2\repository\org\attoparser\attoparser\2.0.7.RELEASE\attoparser-2.0.7.RELEASE.jar;C:\Users\Lucky\.m2\repository\org\unbescape\unbescape\1.1.6.RELEASE\unbescape-1.1.6.RELEASE.jar;C:\Users\Lucky\.m2\repository\org\springframework\boot\spring-boot-starter-web\3.3.0\spring-boot-starter-web-3.3.0.jar;C:\Users\Lucky\.m2\repository\org\springframework\boot\spring-boot-starter-json\3.3.0\spring-boot-starter-json-3.3.0.jar;C:\Users\Lucky\.m2\repository\com\fasterxml\jackson\core\jackson-databind\2.17.1\jackson-databind-2.17.1.jar;C:\Users\Lucky\.m2\repository\com\fasterxml\jackson\core\jackson-annotations\2.17.1\jackson-annotations-2.17.1.jar;C:\Users\Lucky\.m2\repository\com\fasterxml\jackson\core\jackson-core\2.17.1\jackson-core-2.17.1.jar;C:\Users\Lucky\.m2\repository\com\fasterxml\jackson\datatype\jackson-datatype-jdk8\2.17.1\jackson-datatype-jdk8-2.17.1.jar;C:\Users\Lucky\.m2\repository\com\fasterxml\jackson\datatype\jackson-datatype-jsr310\2.17.1\jackson-datatype-jsr310-2.17.1.jar;C:\Users\Lucky\.m2\repository\com\fasterxml\jackson\module\jackson-module-parameter-names\2.17.1\jackson-module-parameter-names-2.17.1.jar;C:\Users\Lucky\.m2\repository\org\springframework\boot\spring-boot-starter-tomcat\3.3.0\spring-boot-starter-tomcat-3.3.0.jar;C:\Users\Lucky\.m2\repository\org\apache\tomcat\embed\tomcat-embed-core\10.1.24\tomcat-embed-core-10.1.24.jar;C:\Users\Lucky\.m2\repository\org\apache\tomcat\embed\tomcat-embed-websocket\10.1.24\tomcat-embed-websocket-10.1.24.jar;C:\Users\Lucky\.m2\repository\org\springframework\spring-web\6.1.8\spring-web-6.1.8.jar;C:\Users\Lucky\.m2\repository\io\micrometer\micrometer-observation\1.13.0\micrometer-observation-1.13.0.jar;C:\Users\Lucky\.m2\repository\io\micrometer\micrometer-commons\1.13.0\micrometer-commons-1.13.0.jar;C:\Users\Lucky\.m2\repository\org\springframework\spring-webmvc\6.1.8\spring-webmvc-6.1.8.jar;C:\Users\Lucky\.m2\repository\org\springframework\spring-expression\6.1.8\spring-expression-6.1.8.jar;C:\Users\Lucky\.m2\repository\org\springframework\boot\spring-boot-starter-security\3.3.0\spring-boot-starter-security-3.3.0.jar;C:\Users\Lucky\.m2\repository\org\springframework\spring-aop\6.1.8\spring-aop-6.1.8.jar;C:\Users\Lucky\.m2\repository\org\springframework\security\spring-security-config\6.3.0\spring-security-config-6.3.0.jar;C:\Users\Lucky\.m2\repository\org\springframework\security\spring-security-core\6.3.0\spring-security-core-6.3.0.jar;C:\Users\Lucky\.m2\repository\org\springframework\security\spring-security-crypto\6.3.0\spring-security-crypto-6.3.0.jar;C:\Users\Lucky\.m2\repository\org\springframework\security\spring-security-web\6.3.0\spring-security-web-6.3.0.jar;C:\Users\Lucky\.m2\repository\org\springframework\boot\spring-boot-devtools\3.3.0\spring-boot-devtools-3.3.0.jar;C:\Users\Lucky\.m2\repository\org\springframework\boot\spring-boot\3.3.0\spring-boot-3.3.0.jar;C:\Users\Lucky\.m2\repository\org\springframework\boot\spring-boot-autoconfigure\3.3.0\spring-boot-autoconfigure-3.3.0.jar;C:\Users\Lucky\.m2\repository\org\postgresql\postgresql\42.7.3\postgresql-42.7.3.jar;C:\Users\Lucky\.m2\repository\org\checkerframework\checker-qual\3.42.0\checker-qual-3.42.0.jar;C:\Users\Lucky\.m2\repository\org\springframework\boot\spring-boot-starter-validation\3.3.0\spring-boot-starter-validation-3.3.0.jar;C:\Users\Lucky\.m2\repository\org\apache\tomcat\embed\tomcat-embed-el\10.1.24\tomcat-embed-el-10.1.24.jar;C:\Users\Lucky\.m2\repository\org\hibernate\validator\hibernate-validator\8.0.1.Final\hibernate-validator-8.0.1.Final.jar;C:\Users\Lucky\.m2\repository\jakarta\validation\jakarta.validation-api\3.0.2\jakarta.validation-api-3.0.2.jar;C:\Users\Lucky\.m2\repository\org\thymeleaf\extras\thymeleaf-extras-springsecurity6\3.1.2.RELEASE\thymeleaf-extras-springsecurity6-3.1.2.RELEASE.jar;C:\Users\Lucky\.m2\repository\org\slf4j\slf4j-api\2.0.13\slf4j-api-2.0.13.jar
Launcher Type: SUN_STANDARD

[Global flags]
     intx CICompilerCount                          = 3                                         {product} {ergonomic}
     uint ConcGCThreads                            = 1                                         {product} {ergonomic}
     uint G1ConcRefinementThreads                  = 4                                         {product} {ergonomic}
   size_t G1HeapRegionSize                         = 1048576                                   {product} {ergonomic}
    uintx GCDrainStackTargetSize                   = 64                                        {product} {ergonomic}
   size_t InitialHeapSize                          = 65011712                                  {product} {ergonomic}
     bool ManagementServer                         = true                                      {product} {command line}
   size_t MarkStackSize                            = 4194304                                   {product} {ergonomic}
   size_t MaxHeapSize                              = 1038090240                                {product} {ergonomic}
   size_t MaxNewSize                               = 622854144                                 {product} {ergonomic}
   size_t MinHeapDeltaBytes                        = 1048576                                   {product} {ergonomic}
   size_t MinHeapSize                              = 8388608                                   {product} {ergonomic}
    uintx NonNMethodCodeHeapSize                   = 4096                                   {pd product} {ergonomic}
    uintx NonProfiledCodeHeapSize                  = 0                                      {pd product} {ergonomic}
     bool ProfileInterpreter                       = false                                  {pd product} {command line}
    uintx ProfiledCodeHeapSize                     = 0                                      {pd product} {ergonomic}
     bool ShowCodeDetailsInExceptionMessages       = true                                   {manageable} {command line}
   size_t SoftMaxHeapSize                          = 1038090240                             {manageable} {ergonomic}
     intx TieredStopAtLevel                        = 1                                         {product} {command line}
     bool UseCompressedOops                        = true                           {product lp64_product} {ergonomic}
     bool UseG1GC                                  = true                                      {product} {ergonomic}
     bool UseLargePagesIndividualAllocation        = false                                  {pd product} {ergonomic}

Logging:
Log output configuration:
 #0: stdout all=warning uptime,level,tags foldmultilines=false
 #1: stderr all=off uptime,level,tags foldmultilines=false

Environment Variables:
JAVA_HOME=D:\Program Files\Java\jdk-21
PATH=D:/Java Job/software/eclipse-jee-2023-12-R-win32-x86_64/eclipse//plugins/org.eclipse.justj.openjdk.hotspot.jre.full.win32.x86_64_17.0.11.v20240426-1830/jre/bin/server;D:/Java Job/software/eclipse-jee-2023-12-R-win32-x86_64/eclipse//plugins/org.eclipse.justj.openjdk.hotspot.jre.full.win32.x86_64_17.0.11.v20240426-1830/jre/bin;C:\Program Files\Common Files\Oracle\Java\javapath;C:\WINDOWS\system32;C:\WINDOWS;C:\WINDOWS\System32\Wbem;C:\WINDOWS\System32\WindowsPowerShell\v1.0\;C:\WINDOWS\System32\OpenSSH\;D:\Program Files\apache-maven-3.9.6\bin;D:\Program Files\Java\jdk-21\bin;C:\Program Files\Git\cmd;C:\Users\Lucky\AppData\Local\Microsoft\WindowsApps;C:\Users\Lucky\AppData\Local\atom\bin;C:\Users\Lucky\AppData\Local\Microsoft\WindowsApps;;C:\Program Files\JetBrains\IntelliJ IDEA 2024.1.1\bin;;D:\Java Job\software\eclipse-jee-2023-12-R-win32-x86_64\eclipse;
USERNAME=Lucky
OS=Windows_NT
PROCESSOR_IDENTIFIER=Intel64 Family 6 Model 58 Stepping 9, GenuineIntel
TMP=C:\Users\Lucky\AppData\Local\Temp
TEMP=C:\Users\Lucky\AppData\Local\Temp




Periodic native trim disabled

---------------  S Y S T E M  ---------------

OS:
 Windows 10 , 64 bit Build 19041 (10.0.19041.4597)
OS uptime: 1 days 13:02 hours

CPU: total 4 (initial active 4) (2 cores per cpu, 2 threads per core) family 6 model 58 stepping 9 microcode 0x21, cx8, cmov, fxsr, ht, mmx, sse, sse2, sse3, ssse3, sse4.1, sse4.2, popcnt, tsc, tscinvbit, avx, aes, erms, clmul, vzeroupper, clflush, rdtscp, f16c
Processor Information for all 4 processors :
  Max Mhz: 2601, Current Mhz: 1200, Mhz Limit: 2601

Memory: 4k page, system-wide physical 3956M (546M free)
TotalPageFile size 10727M (AvailPageFile size 1750M)
current process WorkingSet (physical memory assigned to process): 261M, peak: 265M
current process commit charge ("private bytes"): 325M, peak: 325M

vm_info: Java HotSpot(TM) 64-Bit Server VM (21.0.2+13-LTS-58) for windows-amd64 JRE (21.0.2+13-LTS-58), built on 2024-01-05T18:32:24Z by "mach5one" with MS VC++ 17.1 (VS2022)

END.
